[2025-06-04T14:37:04.647+0000] {processor.py:153} INFO - Started process (PID=62) to work on /home/airflow/.local/lib/python3.7/site-packages/airflow/example_dags/example_dynamic_task_mapping.py
[2025-06-04T14:37:04.656+0000] {processor.py:743} INFO - Processing file /home/airflow/.local/lib/python3.7/site-packages/airflow/example_dags/example_dynamic_task_mapping.py for tasks to queue
[2025-06-04T14:37:04.668+0000] {logging_mixin.py:137} INFO - [2025-06-04T14:37:04.666+0000] {dagbag.py:538} INFO - Filling up the DagBag from /home/airflow/.local/lib/python3.7/site-packages/airflow/example_dags/example_dynamic_task_mapping.py
[2025-06-04T14:37:04.750+0000] {processor.py:753} INFO - DAG(s) dict_keys(['example_dynamic_task_mapping']) retrieved from /home/airflow/.local/lib/python3.7/site-packages/airflow/example_dags/example_dynamic_task_mapping.py
[2025-06-04T14:37:05.296+0000] {logging_mixin.py:137} INFO - [2025-06-04T14:37:05.296+0000] {manager.py:504} INFO - Created Permission View: can delete on DAG:example_dynamic_task_mapping
[2025-06-04T14:37:05.329+0000] {logging_mixin.py:137} INFO - [2025-06-04T14:37:05.329+0000] {manager.py:504} INFO - Created Permission View: can read on DAG:example_dynamic_task_mapping
[2025-06-04T14:37:05.357+0000] {logging_mixin.py:137} INFO - [2025-06-04T14:37:05.357+0000] {manager.py:504} INFO - Created Permission View: can edit on DAG:example_dynamic_task_mapping
[2025-06-04T14:37:05.358+0000] {logging_mixin.py:137} INFO - [2025-06-04T14:37:05.358+0000] {dag.py:2690} INFO - Sync 1 DAGs
[2025-06-04T14:37:05.433+0000] {logging_mixin.py:137} INFO - [2025-06-04T14:37:05.433+0000] {dag.py:2711} INFO - Creating ORM DAG for example_dynamic_task_mapping
[2025-06-04T14:37:05.486+0000] {logging_mixin.py:137} INFO - [2025-06-04T14:37:05.486+0000] {dag.py:3441} INFO - Setting next_dagrun for example_dynamic_task_mapping to 2022-03-04T00:00:00+00:00, run_after=2022-03-05T00:00:00+00:00
[2025-06-04T14:37:05.536+0000] {processor.py:175} INFO - Processing /home/airflow/.local/lib/python3.7/site-packages/airflow/example_dags/example_dynamic_task_mapping.py took 0.895 seconds
[2025-06-04T14:37:36.073+0000] {processor.py:153} INFO - Started process (PID=134) to work on /home/airflow/.local/lib/python3.7/site-packages/airflow/example_dags/example_dynamic_task_mapping.py
[2025-06-04T14:37:36.092+0000] {processor.py:743} INFO - Processing file /home/airflow/.local/lib/python3.7/site-packages/airflow/example_dags/example_dynamic_task_mapping.py for tasks to queue
[2025-06-04T14:37:36.093+0000] {logging_mixin.py:137} INFO - [2025-06-04T14:37:36.093+0000] {dagbag.py:538} INFO - Filling up the DagBag from /home/airflow/.local/lib/python3.7/site-packages/airflow/example_dags/example_dynamic_task_mapping.py
[2025-06-04T14:37:36.129+0000] {processor.py:753} INFO - DAG(s) dict_keys(['example_dynamic_task_mapping']) retrieved from /home/airflow/.local/lib/python3.7/site-packages/airflow/example_dags/example_dynamic_task_mapping.py
[2025-06-04T14:37:36.161+0000] {logging_mixin.py:137} INFO - [2025-06-04T14:37:36.161+0000] {dag.py:2690} INFO - Sync 1 DAGs
[2025-06-04T14:37:36.192+0000] {logging_mixin.py:137} INFO - [2025-06-04T14:37:36.191+0000] {dag.py:3441} INFO - Setting next_dagrun for example_dynamic_task_mapping to 2022-03-04T00:00:00+00:00, run_after=2022-03-05T00:00:00+00:00
[2025-06-04T14:37:36.260+0000] {processor.py:175} INFO - Processing /home/airflow/.local/lib/python3.7/site-packages/airflow/example_dags/example_dynamic_task_mapping.py took 0.193 seconds
[2025-06-04T14:38:06.412+0000] {processor.py:153} INFO - Started process (PID=205) to work on /home/airflow/.local/lib/python3.7/site-packages/airflow/example_dags/example_dynamic_task_mapping.py
[2025-06-04T14:38:06.413+0000] {processor.py:743} INFO - Processing file /home/airflow/.local/lib/python3.7/site-packages/airflow/example_dags/example_dynamic_task_mapping.py for tasks to queue
[2025-06-04T14:38:06.414+0000] {logging_mixin.py:137} INFO - [2025-06-04T14:38:06.414+0000] {dagbag.py:538} INFO - Filling up the DagBag from /home/airflow/.local/lib/python3.7/site-packages/airflow/example_dags/example_dynamic_task_mapping.py
[2025-06-04T14:38:06.448+0000] {processor.py:753} INFO - DAG(s) dict_keys(['example_dynamic_task_mapping']) retrieved from /home/airflow/.local/lib/python3.7/site-packages/airflow/example_dags/example_dynamic_task_mapping.py
[2025-06-04T14:38:06.496+0000] {logging_mixin.py:137} INFO - [2025-06-04T14:38:06.495+0000] {dag.py:2690} INFO - Sync 1 DAGs
[2025-06-04T14:38:06.563+0000] {logging_mixin.py:137} INFO - [2025-06-04T14:38:06.562+0000] {dag.py:3441} INFO - Setting next_dagrun for example_dynamic_task_mapping to 2022-03-04T00:00:00+00:00, run_after=2022-03-05T00:00:00+00:00
[2025-06-04T14:38:06.602+0000] {processor.py:175} INFO - Processing /home/airflow/.local/lib/python3.7/site-packages/airflow/example_dags/example_dynamic_task_mapping.py took 0.194 seconds
