[2025-06-04T14:37:10.872+0000] {processor.py:153} INFO - Started process (PID=80) to work on /home/airflow/.local/lib/python3.7/site-packages/airflow/example_dags/example_branch_operator_decorator.py
[2025-06-04T14:37:10.879+0000] {processor.py:743} INFO - Processing file /home/airflow/.local/lib/python3.7/site-packages/airflow/example_dags/example_branch_operator_decorator.py for tasks to queue
[2025-06-04T14:37:10.880+0000] {logging_mixin.py:137} INFO - [2025-06-04T14:37:10.880+0000] {dagbag.py:538} INFO - Filling up the DagBag from /home/airflow/.local/lib/python3.7/site-packages/airflow/example_dags/example_branch_operator_decorator.py
[2025-06-04T14:37:11.487+0000] {processor.py:753} INFO - DAG(s) dict_keys(['example_branch_python_operator_decorator']) retrieved from /home/airflow/.local/lib/python3.7/site-packages/airflow/example_dags/example_branch_operator_decorator.py
[2025-06-04T14:37:13.153+0000] {logging_mixin.py:137} INFO - [2025-06-04T14:37:13.153+0000] {manager.py:504} INFO - Created Permission View: can delete on DAG:example_branch_python_operator_decorator
[2025-06-04T14:37:13.178+0000] {logging_mixin.py:137} INFO - [2025-06-04T14:37:13.178+0000] {manager.py:504} INFO - Created Permission View: can read on DAG:example_branch_python_operator_decorator
[2025-06-04T14:37:13.203+0000] {logging_mixin.py:137} INFO - [2025-06-04T14:37:13.203+0000] {manager.py:504} INFO - Created Permission View: can edit on DAG:example_branch_python_operator_decorator
[2025-06-04T14:37:13.204+0000] {logging_mixin.py:137} INFO - [2025-06-04T14:37:13.204+0000] {dag.py:2690} INFO - Sync 1 DAGs
[2025-06-04T14:37:13.313+0000] {logging_mixin.py:137} INFO - [2025-06-04T14:37:13.313+0000] {dag.py:2711} INFO - Creating ORM DAG for example_branch_python_operator_decorator
[2025-06-04T14:37:13.430+0000] {logging_mixin.py:137} INFO - [2025-06-04T14:37:13.429+0000] {dag.py:3441} INFO - Setting next_dagrun for example_branch_python_operator_decorator to 2025-06-03T00:00:00+00:00, run_after=2025-06-04T00:00:00+00:00
[2025-06-04T14:37:13.867+0000] {processor.py:175} INFO - Processing /home/airflow/.local/lib/python3.7/site-packages/airflow/example_dags/example_branch_operator_decorator.py took 3.121 seconds
[2025-06-04T14:37:44.288+0000] {processor.py:153} INFO - Started process (PID=152) to work on /home/airflow/.local/lib/python3.7/site-packages/airflow/example_dags/example_branch_operator_decorator.py
[2025-06-04T14:37:44.289+0000] {processor.py:743} INFO - Processing file /home/airflow/.local/lib/python3.7/site-packages/airflow/example_dags/example_branch_operator_decorator.py for tasks to queue
[2025-06-04T14:37:44.291+0000] {logging_mixin.py:137} INFO - [2025-06-04T14:37:44.290+0000] {dagbag.py:538} INFO - Filling up the DagBag from /home/airflow/.local/lib/python3.7/site-packages/airflow/example_dags/example_branch_operator_decorator.py
[2025-06-04T14:37:44.326+0000] {processor.py:753} INFO - DAG(s) dict_keys(['example_branch_python_operator_decorator']) retrieved from /home/airflow/.local/lib/python3.7/site-packages/airflow/example_dags/example_branch_operator_decorator.py
[2025-06-04T14:37:44.368+0000] {logging_mixin.py:137} INFO - [2025-06-04T14:37:44.368+0000] {dag.py:2690} INFO - Sync 1 DAGs
[2025-06-04T14:37:44.411+0000] {logging_mixin.py:137} INFO - [2025-06-04T14:37:44.410+0000] {dag.py:3441} INFO - Setting next_dagrun for example_branch_python_operator_decorator to 2025-06-03T00:00:00+00:00, run_after=2025-06-04T00:00:00+00:00
[2025-06-04T14:37:44.459+0000] {processor.py:175} INFO - Processing /home/airflow/.local/lib/python3.7/site-packages/airflow/example_dags/example_branch_operator_decorator.py took 0.174 seconds
[2025-06-04T14:38:14.613+0000] {processor.py:153} INFO - Started process (PID=231) to work on /home/airflow/.local/lib/python3.7/site-packages/airflow/example_dags/example_branch_operator_decorator.py
[2025-06-04T14:38:14.615+0000] {processor.py:743} INFO - Processing file /home/airflow/.local/lib/python3.7/site-packages/airflow/example_dags/example_branch_operator_decorator.py for tasks to queue
[2025-06-04T14:38:14.616+0000] {logging_mixin.py:137} INFO - [2025-06-04T14:38:14.616+0000] {dagbag.py:538} INFO - Filling up the DagBag from /home/airflow/.local/lib/python3.7/site-packages/airflow/example_dags/example_branch_operator_decorator.py
[2025-06-04T14:38:14.701+0000] {processor.py:753} INFO - DAG(s) dict_keys(['example_branch_python_operator_decorator']) retrieved from /home/airflow/.local/lib/python3.7/site-packages/airflow/example_dags/example_branch_operator_decorator.py
[2025-06-04T14:38:14.789+0000] {logging_mixin.py:137} INFO - [2025-06-04T14:38:14.789+0000] {dag.py:2690} INFO - Sync 1 DAGs
[2025-06-04T14:38:14.852+0000] {logging_mixin.py:137} INFO - [2025-06-04T14:38:14.852+0000] {dag.py:3441} INFO - Setting next_dagrun for example_branch_python_operator_decorator to 2025-06-03T00:00:00+00:00, run_after=2025-06-04T00:00:00+00:00
[2025-06-04T14:38:14.946+0000] {processor.py:175} INFO - Processing /home/airflow/.local/lib/python3.7/site-packages/airflow/example_dags/example_branch_operator_decorator.py took 0.342 seconds
