[2025-06-04T14:37:08.871+0000] {processor.py:153} INFO - Started process (PID=77) to work on /home/airflow/.local/lib/python3.7/site-packages/airflow/example_dags/example_skip_dag.py
[2025-06-04T14:37:08.877+0000] {processor.py:743} INFO - Processing file /home/airflow/.local/lib/python3.7/site-packages/airflow/example_dags/example_skip_dag.py for tasks to queue
[2025-06-04T14:37:08.881+0000] {logging_mixin.py:137} INFO - [2025-06-04T14:37:08.880+0000] {dagbag.py:538} INFO - Filling up the DagBag from /home/airflow/.local/lib/python3.7/site-packages/airflow/example_dags/example_skip_dag.py
[2025-06-04T14:37:09.008+0000] {processor.py:753} INFO - DAG(s) dict_keys(['example_skip_dag']) retrieved from /home/airflow/.local/lib/python3.7/site-packages/airflow/example_dags/example_skip_dag.py
[2025-06-04T14:37:10.998+0000] {logging_mixin.py:137} INFO - [2025-06-04T14:37:10.997+0000] {manager.py:504} INFO - Created Permission View: can delete on DAG:example_skip_dag
[2025-06-04T14:37:11.048+0000] {logging_mixin.py:137} INFO - [2025-06-04T14:37:11.048+0000] {manager.py:504} INFO - Created Permission View: can read on DAG:example_skip_dag
[2025-06-04T14:37:11.191+0000] {logging_mixin.py:137} INFO - [2025-06-04T14:37:11.183+0000] {manager.py:504} INFO - Created Permission View: can edit on DAG:example_skip_dag
[2025-06-04T14:37:11.192+0000] {logging_mixin.py:137} INFO - [2025-06-04T14:37:11.192+0000] {dag.py:2690} INFO - Sync 1 DAGs
[2025-06-04T14:37:11.456+0000] {logging_mixin.py:137} INFO - [2025-06-04T14:37:11.456+0000] {dag.py:2711} INFO - Creating ORM DAG for example_skip_dag
[2025-06-04T14:37:11.558+0000] {logging_mixin.py:137} INFO - [2025-06-04T14:37:11.557+0000] {dag.py:3441} INFO - Setting next_dagrun for example_skip_dag to 2025-06-03T14:37:11.553912+00:00, run_after=2025-06-04T14:37:11.553912+00:00
[2025-06-04T14:37:11.720+0000] {processor.py:175} INFO - Processing /home/airflow/.local/lib/python3.7/site-packages/airflow/example_dags/example_skip_dag.py took 2.855 seconds
[2025-06-04T14:37:42.267+0000] {processor.py:153} INFO - Started process (PID=142) to work on /home/airflow/.local/lib/python3.7/site-packages/airflow/example_dags/example_skip_dag.py
[2025-06-04T14:37:42.281+0000] {processor.py:743} INFO - Processing file /home/airflow/.local/lib/python3.7/site-packages/airflow/example_dags/example_skip_dag.py for tasks to queue
[2025-06-04T14:37:42.282+0000] {logging_mixin.py:137} INFO - [2025-06-04T14:37:42.281+0000] {dagbag.py:538} INFO - Filling up the DagBag from /home/airflow/.local/lib/python3.7/site-packages/airflow/example_dags/example_skip_dag.py
[2025-06-04T14:37:42.301+0000] {processor.py:753} INFO - DAG(s) dict_keys(['example_skip_dag']) retrieved from /home/airflow/.local/lib/python3.7/site-packages/airflow/example_dags/example_skip_dag.py
[2025-06-04T14:37:42.334+0000] {logging_mixin.py:137} INFO - [2025-06-04T14:37:42.334+0000] {dag.py:2690} INFO - Sync 1 DAGs
[2025-06-04T14:37:42.395+0000] {logging_mixin.py:137} INFO - [2025-06-04T14:37:42.394+0000] {dag.py:3441} INFO - Setting next_dagrun for example_skip_dag to 2025-06-03T14:37:42.394440+00:00, run_after=2025-06-04T14:37:42.394440+00:00
[2025-06-04T14:37:42.442+0000] {processor.py:175} INFO - Processing /home/airflow/.local/lib/python3.7/site-packages/airflow/example_dags/example_skip_dag.py took 0.178 seconds
[2025-06-04T14:38:12.589+0000] {processor.py:153} INFO - Started process (PID=221) to work on /home/airflow/.local/lib/python3.7/site-packages/airflow/example_dags/example_skip_dag.py
[2025-06-04T14:38:12.590+0000] {processor.py:743} INFO - Processing file /home/airflow/.local/lib/python3.7/site-packages/airflow/example_dags/example_skip_dag.py for tasks to queue
[2025-06-04T14:38:12.591+0000] {logging_mixin.py:137} INFO - [2025-06-04T14:38:12.591+0000] {dagbag.py:538} INFO - Filling up the DagBag from /home/airflow/.local/lib/python3.7/site-packages/airflow/example_dags/example_skip_dag.py
[2025-06-04T14:38:12.621+0000] {processor.py:753} INFO - DAG(s) dict_keys(['example_skip_dag']) retrieved from /home/airflow/.local/lib/python3.7/site-packages/airflow/example_dags/example_skip_dag.py
[2025-06-04T14:38:12.706+0000] {logging_mixin.py:137} INFO - [2025-06-04T14:38:12.706+0000] {dag.py:2690} INFO - Sync 1 DAGs
[2025-06-04T14:38:12.817+0000] {logging_mixin.py:137} INFO - [2025-06-04T14:38:12.817+0000] {dag.py:3441} INFO - Setting next_dagrun for example_skip_dag to 2025-06-03T14:38:12.817012+00:00, run_after=2025-06-04T14:38:12.817012+00:00
[2025-06-04T14:38:12.900+0000] {processor.py:175} INFO - Processing /home/airflow/.local/lib/python3.7/site-packages/airflow/example_dags/example_skip_dag.py took 0.316 seconds
