[2025-06-04T14:37:20.535+0000] {processor.py:153} INFO - Started process (PID=95) to work on /home/airflow/.local/lib/python3.7/site-packages/airflow/example_dags/example_task_group_decorator.py
[2025-06-04T14:37:20.537+0000] {processor.py:743} INFO - Processing file /home/airflow/.local/lib/python3.7/site-packages/airflow/example_dags/example_task_group_decorator.py for tasks to queue
[2025-06-04T14:37:20.542+0000] {logging_mixin.py:137} INFO - [2025-06-04T14:37:20.541+0000] {dagbag.py:538} INFO - Filling up the DagBag from /home/airflow/.local/lib/python3.7/site-packages/airflow/example_dags/example_task_group_decorator.py
[2025-06-04T14:37:20.633+0000] {processor.py:753} INFO - DAG(s) dict_keys(['example_task_group_decorator']) retrieved from /home/airflow/.local/lib/python3.7/site-packages/airflow/example_dags/example_task_group_decorator.py
[2025-06-04T14:37:21.268+0000] {logging_mixin.py:137} INFO - [2025-06-04T14:37:21.267+0000] {manager.py:504} INFO - Created Permission View: can delete on DAG:example_task_group_decorator
[2025-06-04T14:37:21.328+0000] {logging_mixin.py:137} INFO - [2025-06-04T14:37:21.328+0000] {manager.py:504} INFO - Created Permission View: can read on DAG:example_task_group_decorator
[2025-06-04T14:37:21.376+0000] {logging_mixin.py:137} INFO - [2025-06-04T14:37:21.376+0000] {manager.py:504} INFO - Created Permission View: can edit on DAG:example_task_group_decorator
[2025-06-04T14:37:21.382+0000] {logging_mixin.py:137} INFO - [2025-06-04T14:37:21.382+0000] {dag.py:2690} INFO - Sync 1 DAGs
[2025-06-04T14:37:21.427+0000] {logging_mixin.py:137} INFO - [2025-06-04T14:37:21.426+0000] {dag.py:2711} INFO - Creating ORM DAG for example_task_group_decorator
[2025-06-04T14:37:21.474+0000] {logging_mixin.py:137} INFO - [2025-06-04T14:37:21.474+0000] {dag.py:3441} INFO - Setting next_dagrun for example_task_group_decorator to 2025-06-03T14:37:21.473778+00:00, run_after=2025-06-04T14:37:21.473778+00:00
[2025-06-04T14:37:21.571+0000] {processor.py:175} INFO - Processing /home/airflow/.local/lib/python3.7/site-packages/airflow/example_dags/example_task_group_decorator.py took 1.052 seconds
[2025-06-04T14:37:52.194+0000] {processor.py:153} INFO - Started process (PID=167) to work on /home/airflow/.local/lib/python3.7/site-packages/airflow/example_dags/example_task_group_decorator.py
[2025-06-04T14:37:52.199+0000] {processor.py:743} INFO - Processing file /home/airflow/.local/lib/python3.7/site-packages/airflow/example_dags/example_task_group_decorator.py for tasks to queue
[2025-06-04T14:37:52.201+0000] {logging_mixin.py:137} INFO - [2025-06-04T14:37:52.200+0000] {dagbag.py:538} INFO - Filling up the DagBag from /home/airflow/.local/lib/python3.7/site-packages/airflow/example_dags/example_task_group_decorator.py
[2025-06-04T14:37:52.266+0000] {processor.py:753} INFO - DAG(s) dict_keys(['example_task_group_decorator']) retrieved from /home/airflow/.local/lib/python3.7/site-packages/airflow/example_dags/example_task_group_decorator.py
[2025-06-04T14:37:52.335+0000] {logging_mixin.py:137} INFO - [2025-06-04T14:37:52.335+0000] {dag.py:2690} INFO - Sync 1 DAGs
[2025-06-04T14:37:52.443+0000] {logging_mixin.py:137} INFO - [2025-06-04T14:37:52.442+0000] {dag.py:3441} INFO - Setting next_dagrun for example_task_group_decorator to 2025-06-03T14:37:52.442253+00:00, run_after=2025-06-04T14:37:52.442253+00:00
[2025-06-04T14:37:52.581+0000] {processor.py:175} INFO - Processing /home/airflow/.local/lib/python3.7/site-packages/airflow/example_dags/example_task_group_decorator.py took 0.433 seconds
[2025-06-04T14:38:23.553+0000] {processor.py:153} INFO - Started process (PID=239) to work on /home/airflow/.local/lib/python3.7/site-packages/airflow/example_dags/example_task_group_decorator.py
[2025-06-04T14:38:23.554+0000] {processor.py:743} INFO - Processing file /home/airflow/.local/lib/python3.7/site-packages/airflow/example_dags/example_task_group_decorator.py for tasks to queue
[2025-06-04T14:38:23.556+0000] {logging_mixin.py:137} INFO - [2025-06-04T14:38:23.555+0000] {dagbag.py:538} INFO - Filling up the DagBag from /home/airflow/.local/lib/python3.7/site-packages/airflow/example_dags/example_task_group_decorator.py
[2025-06-04T14:38:23.589+0000] {processor.py:753} INFO - DAG(s) dict_keys(['example_task_group_decorator']) retrieved from /home/airflow/.local/lib/python3.7/site-packages/airflow/example_dags/example_task_group_decorator.py
[2025-06-04T14:38:23.623+0000] {logging_mixin.py:137} INFO - [2025-06-04T14:38:23.622+0000] {dag.py:2690} INFO - Sync 1 DAGs
[2025-06-04T14:38:23.655+0000] {logging_mixin.py:137} INFO - [2025-06-04T14:38:23.655+0000] {dag.py:3441} INFO - Setting next_dagrun for example_task_group_decorator to 2025-06-03T14:38:23.655068+00:00, run_after=2025-06-04T14:38:23.655068+00:00
[2025-06-04T14:38:23.686+0000] {processor.py:175} INFO - Processing /home/airflow/.local/lib/python3.7/site-packages/airflow/example_dags/example_task_group_decorator.py took 0.136 seconds
