[2025-06-04T14:37:24.990+0000] {processor.py:153} INFO - Started process (PID=105) to work on /home/airflow/.local/lib/python3.7/site-packages/airflow/example_dags/example_bash_operator.py
[2025-06-04T14:37:24.991+0000] {processor.py:743} INFO - Processing file /home/airflow/.local/lib/python3.7/site-packages/airflow/example_dags/example_bash_operator.py for tasks to queue
[2025-06-04T14:37:24.993+0000] {logging_mixin.py:137} INFO - [2025-06-04T14:37:24.992+0000] {dagbag.py:538} INFO - Filling up the DagBag from /home/airflow/.local/lib/python3.7/site-packages/airflow/example_dags/example_bash_operator.py
[2025-06-04T14:37:25.036+0000] {processor.py:753} INFO - DAG(s) dict_keys(['example_bash_operator']) retrieved from /home/airflow/.local/lib/python3.7/site-packages/airflow/example_dags/example_bash_operator.py
[2025-06-04T14:37:25.455+0000] {logging_mixin.py:137} INFO - [2025-06-04T14:37:25.454+0000] {manager.py:504} INFO - Created Permission View: can delete on DAG:example_bash_operator
[2025-06-04T14:37:25.513+0000] {logging_mixin.py:137} INFO - [2025-06-04T14:37:25.513+0000] {manager.py:504} INFO - Created Permission View: can read on DAG:example_bash_operator
[2025-06-04T14:37:25.533+0000] {logging_mixin.py:137} INFO - [2025-06-04T14:37:25.533+0000] {manager.py:504} INFO - Created Permission View: can edit on DAG:example_bash_operator
[2025-06-04T14:37:25.534+0000] {logging_mixin.py:137} INFO - [2025-06-04T14:37:25.534+0000] {dag.py:2690} INFO - Sync 1 DAGs
[2025-06-04T14:37:25.560+0000] {logging_mixin.py:137} INFO - [2025-06-04T14:37:25.560+0000] {dag.py:2711} INFO - Creating ORM DAG for example_bash_operator
[2025-06-04T14:37:25.590+0000] {logging_mixin.py:137} INFO - [2025-06-04T14:37:25.589+0000] {dag.py:3441} INFO - Setting next_dagrun for example_bash_operator to 2025-06-03T00:00:00+00:00, run_after=2025-06-04T00:00:00+00:00
[2025-06-04T14:37:25.646+0000] {processor.py:175} INFO - Processing /home/airflow/.local/lib/python3.7/site-packages/airflow/example_dags/example_bash_operator.py took 0.661 seconds
[2025-06-04T14:37:56.079+0000] {processor.py:153} INFO - Started process (PID=177) to work on /home/airflow/.local/lib/python3.7/site-packages/airflow/example_dags/example_bash_operator.py
[2025-06-04T14:37:56.079+0000] {processor.py:743} INFO - Processing file /home/airflow/.local/lib/python3.7/site-packages/airflow/example_dags/example_bash_operator.py for tasks to queue
[2025-06-04T14:37:56.081+0000] {logging_mixin.py:137} INFO - [2025-06-04T14:37:56.080+0000] {dagbag.py:538} INFO - Filling up the DagBag from /home/airflow/.local/lib/python3.7/site-packages/airflow/example_dags/example_bash_operator.py
[2025-06-04T14:37:56.105+0000] {processor.py:753} INFO - DAG(s) dict_keys(['example_bash_operator']) retrieved from /home/airflow/.local/lib/python3.7/site-packages/airflow/example_dags/example_bash_operator.py
[2025-06-04T14:37:56.158+0000] {logging_mixin.py:137} INFO - [2025-06-04T14:37:56.157+0000] {dag.py:2690} INFO - Sync 1 DAGs
[2025-06-04T14:37:56.216+0000] {logging_mixin.py:137} INFO - [2025-06-04T14:37:56.215+0000] {dag.py:3441} INFO - Setting next_dagrun for example_bash_operator to 2025-06-03T00:00:00+00:00, run_after=2025-06-04T00:00:00+00:00
[2025-06-04T14:37:56.258+0000] {processor.py:175} INFO - Processing /home/airflow/.local/lib/python3.7/site-packages/airflow/example_dags/example_bash_operator.py took 0.183 seconds
[2025-06-04T14:38:26.697+0000] {processor.py:153} INFO - Started process (PID=249) to work on /home/airflow/.local/lib/python3.7/site-packages/airflow/example_dags/example_bash_operator.py
[2025-06-04T14:38:26.700+0000] {processor.py:743} INFO - Processing file /home/airflow/.local/lib/python3.7/site-packages/airflow/example_dags/example_bash_operator.py for tasks to queue
[2025-06-04T14:38:26.702+0000] {logging_mixin.py:137} INFO - [2025-06-04T14:38:26.702+0000] {dagbag.py:538} INFO - Filling up the DagBag from /home/airflow/.local/lib/python3.7/site-packages/airflow/example_dags/example_bash_operator.py
[2025-06-04T14:38:26.770+0000] {processor.py:753} INFO - DAG(s) dict_keys(['example_bash_operator']) retrieved from /home/airflow/.local/lib/python3.7/site-packages/airflow/example_dags/example_bash_operator.py
[2025-06-04T14:38:26.901+0000] {logging_mixin.py:137} INFO - [2025-06-04T14:38:26.901+0000] {dag.py:2690} INFO - Sync 1 DAGs
[2025-06-04T14:38:26.972+0000] {logging_mixin.py:137} INFO - [2025-06-04T14:38:26.972+0000] {dag.py:3441} INFO - Setting next_dagrun for example_bash_operator to 2025-06-03T00:00:00+00:00, run_after=2025-06-04T00:00:00+00:00
[2025-06-04T14:38:27.015+0000] {processor.py:175} INFO - Processing /home/airflow/.local/lib/python3.7/site-packages/airflow/example_dags/example_bash_operator.py took 0.323 seconds
