[2025-06-04T14:37:23.550+0000] {processor.py:153} INFO - Started process (PID=102) to work on /home/airflow/.local/lib/python3.7/site-packages/airflow/example_dags/example_sensors.py
[2025-06-04T14:37:23.552+0000] {processor.py:743} INFO - Processing file /home/airflow/.local/lib/python3.7/site-packages/airflow/example_dags/example_sensors.py for tasks to queue
[2025-06-04T14:37:23.554+0000] {logging_mixin.py:137} INFO - [2025-06-04T14:37:23.553+0000] {dagbag.py:538} INFO - Filling up the DagBag from /home/airflow/.local/lib/python3.7/site-packages/airflow/example_dags/example_sensors.py
[2025-06-04T14:37:23.665+0000] {processor.py:753} INFO - DAG(s) dict_keys(['example_sensors']) retrieved from /home/airflow/.local/lib/python3.7/site-packages/airflow/example_dags/example_sensors.py
[2025-06-04T14:37:24.381+0000] {logging_mixin.py:137} INFO - [2025-06-04T14:37:24.380+0000] {manager.py:504} INFO - Created Permission View: can delete on DAG:example_sensors
[2025-06-04T14:37:24.607+0000] {logging_mixin.py:137} INFO - [2025-06-04T14:37:24.606+0000] {manager.py:504} INFO - Created Permission View: can read on DAG:example_sensors
[2025-06-04T14:37:24.734+0000] {logging_mixin.py:137} INFO - [2025-06-04T14:37:24.733+0000] {manager.py:504} INFO - Created Permission View: can edit on DAG:example_sensors
[2025-06-04T14:37:24.734+0000] {logging_mixin.py:137} INFO - [2025-06-04T14:37:24.734+0000] {dag.py:2690} INFO - Sync 1 DAGs
[2025-06-04T14:37:24.757+0000] {logging_mixin.py:137} INFO - [2025-06-04T14:37:24.757+0000] {dag.py:2711} INFO - Creating ORM DAG for example_sensors
[2025-06-04T14:37:24.781+0000] {logging_mixin.py:137} INFO - [2025-06-04T14:37:24.781+0000] {dag.py:3441} INFO - Setting next_dagrun for example_sensors to None, run_after=None
[2025-06-04T14:37:24.835+0000] {processor.py:175} INFO - Processing /home/airflow/.local/lib/python3.7/site-packages/airflow/example_dags/example_sensors.py took 1.290 seconds
[2025-06-04T14:37:55.064+0000] {processor.py:153} INFO - Started process (PID=174) to work on /home/airflow/.local/lib/python3.7/site-packages/airflow/example_dags/example_sensors.py
[2025-06-04T14:37:55.066+0000] {processor.py:743} INFO - Processing file /home/airflow/.local/lib/python3.7/site-packages/airflow/example_dags/example_sensors.py for tasks to queue
[2025-06-04T14:37:55.067+0000] {logging_mixin.py:137} INFO - [2025-06-04T14:37:55.067+0000] {dagbag.py:538} INFO - Filling up the DagBag from /home/airflow/.local/lib/python3.7/site-packages/airflow/example_dags/example_sensors.py
[2025-06-04T14:37:55.103+0000] {processor.py:753} INFO - DAG(s) dict_keys(['example_sensors']) retrieved from /home/airflow/.local/lib/python3.7/site-packages/airflow/example_dags/example_sensors.py
[2025-06-04T14:37:55.186+0000] {logging_mixin.py:137} INFO - [2025-06-04T14:37:55.185+0000] {dag.py:2690} INFO - Sync 1 DAGs
[2025-06-04T14:37:55.267+0000] {logging_mixin.py:137} INFO - [2025-06-04T14:37:55.267+0000] {dag.py:3441} INFO - Setting next_dagrun for example_sensors to None, run_after=None
[2025-06-04T14:37:55.305+0000] {processor.py:175} INFO - Processing /home/airflow/.local/lib/python3.7/site-packages/airflow/example_dags/example_sensors.py took 0.246 seconds
[2025-06-04T14:38:25.419+0000] {processor.py:153} INFO - Started process (PID=246) to work on /home/airflow/.local/lib/python3.7/site-packages/airflow/example_dags/example_sensors.py
[2025-06-04T14:38:25.420+0000] {processor.py:743} INFO - Processing file /home/airflow/.local/lib/python3.7/site-packages/airflow/example_dags/example_sensors.py for tasks to queue
[2025-06-04T14:38:25.421+0000] {logging_mixin.py:137} INFO - [2025-06-04T14:38:25.421+0000] {dagbag.py:538} INFO - Filling up the DagBag from /home/airflow/.local/lib/python3.7/site-packages/airflow/example_dags/example_sensors.py
[2025-06-04T14:38:25.445+0000] {processor.py:753} INFO - DAG(s) dict_keys(['example_sensors']) retrieved from /home/airflow/.local/lib/python3.7/site-packages/airflow/example_dags/example_sensors.py
[2025-06-04T14:38:25.497+0000] {logging_mixin.py:137} INFO - [2025-06-04T14:38:25.496+0000] {dag.py:2690} INFO - Sync 1 DAGs
[2025-06-04T14:38:25.541+0000] {logging_mixin.py:137} INFO - [2025-06-04T14:38:25.541+0000] {dag.py:3441} INFO - Setting next_dagrun for example_sensors to None, run_after=None
[2025-06-04T14:38:25.583+0000] {processor.py:175} INFO - Processing /home/airflow/.local/lib/python3.7/site-packages/airflow/example_dags/example_sensors.py took 0.166 seconds
