[2025-06-04T14:37:01.232+0000] {processor.py:153} INFO - Started process (PID=54) to work on /home/airflow/.local/lib/python3.7/site-packages/airflow/example_dags/example_kubernetes_executor.py
[2025-06-04T14:37:01.233+0000] {processor.py:743} INFO - Processing file /home/airflow/.local/lib/python3.7/site-packages/airflow/example_dags/example_kubernetes_executor.py for tasks to queue
[2025-06-04T14:37:01.235+0000] {logging_mixin.py:137} INFO - [2025-06-04T14:37:01.234+0000] {dagbag.py:538} INFO - Filling up the DagBag from /home/airflow/.local/lib/python3.7/site-packages/airflow/example_dags/example_kubernetes_executor.py
[2025-06-04T14:37:01.315+0000] {processor.py:753} INFO - DAG(s) dict_keys(['example_kubernetes_executor']) retrieved from /home/airflow/.local/lib/python3.7/site-packages/airflow/example_dags/example_kubernetes_executor.py
[2025-06-04T14:37:01.608+0000] {logging_mixin.py:137} INFO - [2025-06-04T14:37:01.607+0000] {manager.py:504} INFO - Created Permission View: can delete on DAG:example_kubernetes_executor
[2025-06-04T14:37:01.628+0000] {logging_mixin.py:137} INFO - [2025-06-04T14:37:01.628+0000] {manager.py:504} INFO - Created Permission View: can read on DAG:example_kubernetes_executor
[2025-06-04T14:37:01.642+0000] {logging_mixin.py:137} INFO - [2025-06-04T14:37:01.642+0000] {manager.py:504} INFO - Created Permission View: can edit on DAG:example_kubernetes_executor
[2025-06-04T14:37:01.643+0000] {logging_mixin.py:137} INFO - [2025-06-04T14:37:01.643+0000] {dag.py:2690} INFO - Sync 1 DAGs
[2025-06-04T14:37:01.657+0000] {logging_mixin.py:137} INFO - [2025-06-04T14:37:01.657+0000] {dag.py:2711} INFO - Creating ORM DAG for example_kubernetes_executor
[2025-06-04T14:37:01.669+0000] {logging_mixin.py:137} INFO - [2025-06-04T14:37:01.669+0000] {dag.py:3441} INFO - Setting next_dagrun for example_kubernetes_executor to None, run_after=None
[2025-06-04T14:37:01.703+0000] {processor.py:175} INFO - Processing /home/airflow/.local/lib/python3.7/site-packages/airflow/example_dags/example_kubernetes_executor.py took 0.475 seconds
[2025-06-04T14:37:32.031+0000] {processor.py:153} INFO - Started process (PID=126) to work on /home/airflow/.local/lib/python3.7/site-packages/airflow/example_dags/example_kubernetes_executor.py
[2025-06-04T14:37:32.052+0000] {processor.py:743} INFO - Processing file /home/airflow/.local/lib/python3.7/site-packages/airflow/example_dags/example_kubernetes_executor.py for tasks to queue
[2025-06-04T14:37:32.056+0000] {logging_mixin.py:137} INFO - [2025-06-04T14:37:32.056+0000] {dagbag.py:538} INFO - Filling up the DagBag from /home/airflow/.local/lib/python3.7/site-packages/airflow/example_dags/example_kubernetes_executor.py
[2025-06-04T14:37:32.147+0000] {processor.py:753} INFO - DAG(s) dict_keys(['example_kubernetes_executor']) retrieved from /home/airflow/.local/lib/python3.7/site-packages/airflow/example_dags/example_kubernetes_executor.py
[2025-06-04T14:37:32.210+0000] {logging_mixin.py:137} INFO - [2025-06-04T14:37:32.210+0000] {dag.py:2690} INFO - Sync 1 DAGs
[2025-06-04T14:37:32.248+0000] {logging_mixin.py:137} INFO - [2025-06-04T14:37:32.248+0000] {dag.py:3441} INFO - Setting next_dagrun for example_kubernetes_executor to None, run_after=None
[2025-06-04T14:37:32.286+0000] {processor.py:175} INFO - Processing /home/airflow/.local/lib/python3.7/site-packages/airflow/example_dags/example_kubernetes_executor.py took 0.270 seconds
[2025-06-04T14:38:02.403+0000] {processor.py:153} INFO - Started process (PID=198) to work on /home/airflow/.local/lib/python3.7/site-packages/airflow/example_dags/example_kubernetes_executor.py
[2025-06-04T14:38:02.404+0000] {processor.py:743} INFO - Processing file /home/airflow/.local/lib/python3.7/site-packages/airflow/example_dags/example_kubernetes_executor.py for tasks to queue
[2025-06-04T14:38:02.406+0000] {logging_mixin.py:137} INFO - [2025-06-04T14:38:02.405+0000] {dagbag.py:538} INFO - Filling up the DagBag from /home/airflow/.local/lib/python3.7/site-packages/airflow/example_dags/example_kubernetes_executor.py
[2025-06-04T14:38:02.470+0000] {processor.py:753} INFO - DAG(s) dict_keys(['example_kubernetes_executor']) retrieved from /home/airflow/.local/lib/python3.7/site-packages/airflow/example_dags/example_kubernetes_executor.py
[2025-06-04T14:38:02.539+0000] {logging_mixin.py:137} INFO - [2025-06-04T14:38:02.539+0000] {dag.py:2690} INFO - Sync 1 DAGs
[2025-06-04T14:38:02.594+0000] {logging_mixin.py:137} INFO - [2025-06-04T14:38:02.594+0000] {dag.py:3441} INFO - Setting next_dagrun for example_kubernetes_executor to None, run_after=None
[2025-06-04T14:38:02.648+0000] {processor.py:175} INFO - Processing /home/airflow/.local/lib/python3.7/site-packages/airflow/example_dags/example_kubernetes_executor.py took 0.250 seconds
