[2025-06-04T14:37:20.602+0000] {processor.py:153} INFO - Started process (PID=96) to work on /home/airflow/.local/lib/python3.7/site-packages/airflow/example_dags/example_branch_datetime_operator.py
[2025-06-04T14:37:20.604+0000] {processor.py:743} INFO - Processing file /home/airflow/.local/lib/python3.7/site-packages/airflow/example_dags/example_branch_datetime_operator.py for tasks to queue
[2025-06-04T14:37:20.607+0000] {logging_mixin.py:137} INFO - [2025-06-04T14:37:20.606+0000] {dagbag.py:538} INFO - Filling up the DagBag from /home/airflow/.local/lib/python3.7/site-packages/airflow/example_dags/example_branch_datetime_operator.py
[2025-06-04T14:37:20.698+0000] {processor.py:753} INFO - DAG(s) dict_keys(['example_branch_datetime_operator', 'example_branch_datetime_operator_3', 'example_branch_datetime_operator_2']) retrieved from /home/airflow/.local/lib/python3.7/site-packages/airflow/example_dags/example_branch_datetime_operator.py
[2025-06-04T14:37:21.384+0000] {logging_mixin.py:137} INFO - [2025-06-04T14:37:21.384+0000] {manager.py:504} INFO - Created Permission View: can delete on DAG:example_branch_datetime_operator
[2025-06-04T14:37:21.420+0000] {logging_mixin.py:137} INFO - [2025-06-04T14:37:21.420+0000] {manager.py:504} INFO - Created Permission View: can read on DAG:example_branch_datetime_operator
[2025-06-04T14:37:21.456+0000] {logging_mixin.py:137} INFO - [2025-06-04T14:37:21.455+0000] {manager.py:504} INFO - Created Permission View: can edit on DAG:example_branch_datetime_operator
[2025-06-04T14:37:21.518+0000] {logging_mixin.py:137} INFO - [2025-06-04T14:37:21.518+0000] {manager.py:504} INFO - Created Permission View: can delete on DAG:example_branch_datetime_operator_3
[2025-06-04T14:37:21.580+0000] {logging_mixin.py:137} INFO - [2025-06-04T14:37:21.580+0000] {manager.py:504} INFO - Created Permission View: can read on DAG:example_branch_datetime_operator_3
[2025-06-04T14:37:21.633+0000] {logging_mixin.py:137} INFO - [2025-06-04T14:37:21.632+0000] {manager.py:504} INFO - Created Permission View: can edit on DAG:example_branch_datetime_operator_3
[2025-06-04T14:37:21.872+0000] {logging_mixin.py:137} INFO - [2025-06-04T14:37:21.872+0000] {manager.py:504} INFO - Created Permission View: can delete on DAG:example_branch_datetime_operator_2
[2025-06-04T14:37:21.916+0000] {logging_mixin.py:137} INFO - [2025-06-04T14:37:21.916+0000] {manager.py:504} INFO - Created Permission View: can read on DAG:example_branch_datetime_operator_2
[2025-06-04T14:37:21.942+0000] {logging_mixin.py:137} INFO - [2025-06-04T14:37:21.941+0000] {manager.py:504} INFO - Created Permission View: can edit on DAG:example_branch_datetime_operator_2
[2025-06-04T14:37:21.942+0000] {logging_mixin.py:137} INFO - [2025-06-04T14:37:21.942+0000] {dag.py:2690} INFO - Sync 3 DAGs
[2025-06-04T14:37:21.979+0000] {logging_mixin.py:137} INFO - [2025-06-04T14:37:21.979+0000] {dag.py:2711} INFO - Creating ORM DAG for example_branch_datetime_operator_3
[2025-06-04T14:37:21.983+0000] {logging_mixin.py:137} INFO - [2025-06-04T14:37:21.983+0000] {dag.py:2711} INFO - Creating ORM DAG for example_branch_datetime_operator
[2025-06-04T14:37:21.998+0000] {logging_mixin.py:137} INFO - [2025-06-04T14:37:21.998+0000] {dag.py:2711} INFO - Creating ORM DAG for example_branch_datetime_operator_2
[2025-06-04T14:37:22.059+0000] {logging_mixin.py:137} INFO - [2025-06-04T14:37:22.059+0000] {dag.py:3441} INFO - Setting next_dagrun for example_branch_datetime_operator to 2025-06-03T00:00:00+00:00, run_after=2025-06-04T00:00:00+00:00
[2025-06-04T14:37:22.077+0000] {logging_mixin.py:137} INFO - [2025-06-04T14:37:22.077+0000] {dag.py:3441} INFO - Setting next_dagrun for example_branch_datetime_operator_2 to 2025-06-03T00:00:00+00:00, run_after=2025-06-04T00:00:00+00:00
[2025-06-04T14:37:22.095+0000] {logging_mixin.py:137} INFO - [2025-06-04T14:37:22.095+0000] {dag.py:3441} INFO - Setting next_dagrun for example_branch_datetime_operator_3 to 2025-06-03T00:00:00+00:00, run_after=2025-06-04T00:00:00+00:00
[2025-06-04T14:37:22.235+0000] {processor.py:175} INFO - Processing /home/airflow/.local/lib/python3.7/site-packages/airflow/example_dags/example_branch_datetime_operator.py took 1.639 seconds
[2025-06-04T14:37:52.691+0000] {processor.py:153} INFO - Started process (PID=168) to work on /home/airflow/.local/lib/python3.7/site-packages/airflow/example_dags/example_branch_datetime_operator.py
[2025-06-04T14:37:52.692+0000] {processor.py:743} INFO - Processing file /home/airflow/.local/lib/python3.7/site-packages/airflow/example_dags/example_branch_datetime_operator.py for tasks to queue
[2025-06-04T14:37:52.694+0000] {logging_mixin.py:137} INFO - [2025-06-04T14:37:52.694+0000] {dagbag.py:538} INFO - Filling up the DagBag from /home/airflow/.local/lib/python3.7/site-packages/airflow/example_dags/example_branch_datetime_operator.py
[2025-06-04T14:37:52.722+0000] {processor.py:753} INFO - DAG(s) dict_keys(['example_branch_datetime_operator', 'example_branch_datetime_operator_2', 'example_branch_datetime_operator_3']) retrieved from /home/airflow/.local/lib/python3.7/site-packages/airflow/example_dags/example_branch_datetime_operator.py
[2025-06-04T14:37:52.767+0000] {logging_mixin.py:137} INFO - [2025-06-04T14:37:52.767+0000] {dag.py:2690} INFO - Sync 3 DAGs
[2025-06-04T14:37:52.808+0000] {logging_mixin.py:137} INFO - [2025-06-04T14:37:52.807+0000] {dag.py:3441} INFO - Setting next_dagrun for example_branch_datetime_operator to 2025-06-03T00:00:00+00:00, run_after=2025-06-04T00:00:00+00:00
[2025-06-04T14:37:52.813+0000] {logging_mixin.py:137} INFO - [2025-06-04T14:37:52.813+0000] {dag.py:3441} INFO - Setting next_dagrun for example_branch_datetime_operator_2 to 2025-06-03T00:00:00+00:00, run_after=2025-06-04T00:00:00+00:00
[2025-06-04T14:37:52.818+0000] {logging_mixin.py:137} INFO - [2025-06-04T14:37:52.817+0000] {dag.py:3441} INFO - Setting next_dagrun for example_branch_datetime_operator_3 to 2025-06-03T00:00:00+00:00, run_after=2025-06-04T00:00:00+00:00
[2025-06-04T14:37:52.848+0000] {processor.py:175} INFO - Processing /home/airflow/.local/lib/python3.7/site-packages/airflow/example_dags/example_branch_datetime_operator.py took 0.175 seconds
[2025-06-04T14:38:23.554+0000] {processor.py:153} INFO - Started process (PID=240) to work on /home/airflow/.local/lib/python3.7/site-packages/airflow/example_dags/example_branch_datetime_operator.py
[2025-06-04T14:38:23.555+0000] {processor.py:743} INFO - Processing file /home/airflow/.local/lib/python3.7/site-packages/airflow/example_dags/example_branch_datetime_operator.py for tasks to queue
[2025-06-04T14:38:23.556+0000] {logging_mixin.py:137} INFO - [2025-06-04T14:38:23.556+0000] {dagbag.py:538} INFO - Filling up the DagBag from /home/airflow/.local/lib/python3.7/site-packages/airflow/example_dags/example_branch_datetime_operator.py
[2025-06-04T14:38:23.576+0000] {processor.py:753} INFO - DAG(s) dict_keys(['example_branch_datetime_operator_3', 'example_branch_datetime_operator_2', 'example_branch_datetime_operator']) retrieved from /home/airflow/.local/lib/python3.7/site-packages/airflow/example_dags/example_branch_datetime_operator.py
[2025-06-04T14:38:23.615+0000] {logging_mixin.py:137} INFO - [2025-06-04T14:38:23.615+0000] {dag.py:2690} INFO - Sync 3 DAGs
[2025-06-04T14:38:23.650+0000] {logging_mixin.py:137} INFO - [2025-06-04T14:38:23.650+0000] {dag.py:3441} INFO - Setting next_dagrun for example_branch_datetime_operator to 2025-06-03T00:00:00+00:00, run_after=2025-06-04T00:00:00+00:00
[2025-06-04T14:38:23.656+0000] {logging_mixin.py:137} INFO - [2025-06-04T14:38:23.656+0000] {dag.py:3441} INFO - Setting next_dagrun for example_branch_datetime_operator_2 to 2025-06-03T00:00:00+00:00, run_after=2025-06-04T00:00:00+00:00
[2025-06-04T14:38:23.660+0000] {logging_mixin.py:137} INFO - [2025-06-04T14:38:23.659+0000] {dag.py:3441} INFO - Setting next_dagrun for example_branch_datetime_operator_3 to 2025-06-03T00:00:00+00:00, run_after=2025-06-04T00:00:00+00:00
[2025-06-04T14:38:23.692+0000] {processor.py:175} INFO - Processing /home/airflow/.local/lib/python3.7/site-packages/airflow/example_dags/example_branch_datetime_operator.py took 0.142 seconds
