[2025-06-04T14:37:18.745+0000] {processor.py:153} INFO - Started process (PID=93) to work on /home/airflow/.local/lib/python3.7/site-packages/airflow/example_dags/example_sla_dag.py
[2025-06-04T14:37:18.781+0000] {processor.py:743} INFO - Processing file /home/airflow/.local/lib/python3.7/site-packages/airflow/example_dags/example_sla_dag.py for tasks to queue
[2025-06-04T14:37:18.787+0000] {logging_mixin.py:137} INFO - [2025-06-04T14:37:18.786+0000] {dagbag.py:538} INFO - Filling up the DagBag from /home/airflow/.local/lib/python3.7/site-packages/airflow/example_dags/example_sla_dag.py
[2025-06-04T14:37:18.931+0000] {processor.py:753} INFO - DAG(s) dict_keys(['example_sla_dag']) retrieved from /home/airflow/.local/lib/python3.7/site-packages/airflow/example_dags/example_sla_dag.py
[2025-06-04T14:37:20.012+0000] {logging_mixin.py:137} INFO - [2025-06-04T14:37:20.011+0000] {manager.py:504} INFO - Created Permission View: can delete on DAG:example_sla_dag
[2025-06-04T14:37:20.101+0000] {logging_mixin.py:137} INFO - [2025-06-04T14:37:20.100+0000] {manager.py:504} INFO - Created Permission View: can read on DAG:example_sla_dag
[2025-06-04T14:37:20.149+0000] {logging_mixin.py:137} INFO - [2025-06-04T14:37:20.149+0000] {manager.py:504} INFO - Created Permission View: can edit on DAG:example_sla_dag
[2025-06-04T14:37:20.150+0000] {logging_mixin.py:137} INFO - [2025-06-04T14:37:20.150+0000] {dag.py:2690} INFO - Sync 1 DAGs
[2025-06-04T14:37:20.203+0000] {logging_mixin.py:137} INFO - [2025-06-04T14:37:20.202+0000] {dag.py:2711} INFO - Creating ORM DAG for example_sla_dag
[2025-06-04T14:37:20.309+0000] {logging_mixin.py:137} INFO - [2025-06-04T14:37:20.309+0000] {dag.py:3441} INFO - Setting next_dagrun for example_sla_dag to 2025-06-04T14:34:00+00:00, run_after=2025-06-04T14:36:00+00:00
[2025-06-04T14:37:20.390+0000] {processor.py:175} INFO - Processing /home/airflow/.local/lib/python3.7/site-packages/airflow/example_dags/example_sla_dag.py took 1.693 seconds
[2025-06-04T14:37:50.725+0000] {processor.py:153} INFO - Started process (PID=165) to work on /home/airflow/.local/lib/python3.7/site-packages/airflow/example_dags/example_sla_dag.py
[2025-06-04T14:37:50.727+0000] {processor.py:743} INFO - Processing file /home/airflow/.local/lib/python3.7/site-packages/airflow/example_dags/example_sla_dag.py for tasks to queue
[2025-06-04T14:37:50.729+0000] {logging_mixin.py:137} INFO - [2025-06-04T14:37:50.729+0000] {dagbag.py:538} INFO - Filling up the DagBag from /home/airflow/.local/lib/python3.7/site-packages/airflow/example_dags/example_sla_dag.py
[2025-06-04T14:37:50.809+0000] {processor.py:753} INFO - DAG(s) dict_keys(['example_sla_dag']) retrieved from /home/airflow/.local/lib/python3.7/site-packages/airflow/example_dags/example_sla_dag.py
[2025-06-04T14:37:50.910+0000] {logging_mixin.py:137} INFO - [2025-06-04T14:37:50.910+0000] {dag.py:2690} INFO - Sync 1 DAGs
[2025-06-04T14:37:51.040+0000] {logging_mixin.py:137} INFO - [2025-06-04T14:37:51.039+0000] {dag.py:3441} INFO - Setting next_dagrun for example_sla_dag to 2025-06-04T14:34:00+00:00, run_after=2025-06-04T14:36:00+00:00
[2025-06-04T14:37:51.103+0000] {processor.py:175} INFO - Processing /home/airflow/.local/lib/python3.7/site-packages/airflow/example_dags/example_sla_dag.py took 0.384 seconds
[2025-06-04T14:38:21.375+0000] {processor.py:153} INFO - Started process (PID=237) to work on /home/airflow/.local/lib/python3.7/site-packages/airflow/example_dags/example_sla_dag.py
[2025-06-04T14:38:21.376+0000] {processor.py:743} INFO - Processing file /home/airflow/.local/lib/python3.7/site-packages/airflow/example_dags/example_sla_dag.py for tasks to queue
[2025-06-04T14:38:21.377+0000] {logging_mixin.py:137} INFO - [2025-06-04T14:38:21.377+0000] {dagbag.py:538} INFO - Filling up the DagBag from /home/airflow/.local/lib/python3.7/site-packages/airflow/example_dags/example_sla_dag.py
[2025-06-04T14:38:21.413+0000] {processor.py:753} INFO - DAG(s) dict_keys(['example_sla_dag']) retrieved from /home/airflow/.local/lib/python3.7/site-packages/airflow/example_dags/example_sla_dag.py
[2025-06-04T14:38:21.443+0000] {logging_mixin.py:137} INFO - [2025-06-04T14:38:21.443+0000] {dag.py:2690} INFO - Sync 1 DAGs
[2025-06-04T14:38:21.478+0000] {logging_mixin.py:137} INFO - [2025-06-04T14:38:21.477+0000] {dag.py:3441} INFO - Setting next_dagrun for example_sla_dag to 2025-06-04T14:36:00+00:00, run_after=2025-06-04T14:38:00+00:00
[2025-06-04T14:38:21.523+0000] {processor.py:175} INFO - Processing /home/airflow/.local/lib/python3.7/site-packages/airflow/example_dags/example_sla_dag.py took 0.151 seconds
