[2025-06-04T14:37:04.607+0000] {processor.py:153} INFO - Started process (PID=61) to work on /home/airflow/.local/lib/python3.7/site-packages/airflow/example_dags/example_dag_decorator.py
[2025-06-04T14:37:04.617+0000] {processor.py:743} INFO - Processing file /home/airflow/.local/lib/python3.7/site-packages/airflow/example_dags/example_dag_decorator.py for tasks to queue
[2025-06-04T14:37:04.619+0000] {logging_mixin.py:137} INFO - [2025-06-04T14:37:04.619+0000] {dagbag.py:538} INFO - Filling up the DagBag from /home/airflow/.local/lib/python3.7/site-packages/airflow/example_dags/example_dag_decorator.py
[2025-06-04T14:37:04.695+0000] {logging_mixin.py:137} INFO - [2025-06-04T14:37:04.694+0000] {taskmixin.py:205} WARNING - Dependency <Task(_PythonDecoratedOperator): prepare_email>, send_email already registered for DAG: example_dag_decorator
[2025-06-04T14:37:04.701+0000] {logging_mixin.py:137} INFO - [2025-06-04T14:37:04.701+0000] {taskmixin.py:205} WARNING - Dependency <Task(EmailOperator): send_email>, prepare_email already registered for DAG: example_dag_decorator
[2025-06-04T14:37:04.743+0000] {processor.py:753} INFO - DAG(s) dict_keys(['example_dag_decorator']) retrieved from /home/airflow/.local/lib/python3.7/site-packages/airflow/example_dags/example_dag_decorator.py
[2025-06-04T14:37:05.340+0000] {logging_mixin.py:137} INFO - [2025-06-04T14:37:05.340+0000] {manager.py:504} INFO - Created Permission View: can delete on DAG:example_dag_decorator
[2025-06-04T14:37:05.369+0000] {logging_mixin.py:137} INFO - [2025-06-04T14:37:05.368+0000] {manager.py:504} INFO - Created Permission View: can read on DAG:example_dag_decorator
[2025-06-04T14:37:05.384+0000] {logging_mixin.py:137} INFO - [2025-06-04T14:37:05.384+0000] {manager.py:504} INFO - Created Permission View: can edit on DAG:example_dag_decorator
[2025-06-04T14:37:05.385+0000] {logging_mixin.py:137} INFO - [2025-06-04T14:37:05.384+0000] {dag.py:2690} INFO - Sync 1 DAGs
[2025-06-04T14:37:05.452+0000] {logging_mixin.py:137} INFO - [2025-06-04T14:37:05.451+0000] {dag.py:2711} INFO - Creating ORM DAG for example_dag_decorator
[2025-06-04T14:37:05.498+0000] {logging_mixin.py:137} INFO - [2025-06-04T14:37:05.498+0000] {dag.py:3441} INFO - Setting next_dagrun for example_dag_decorator to None, run_after=None
[2025-06-04T14:37:05.553+0000] {processor.py:175} INFO - Processing /home/airflow/.local/lib/python3.7/site-packages/airflow/example_dags/example_dag_decorator.py took 0.952 seconds
[2025-06-04T14:37:36.348+0000] {processor.py:153} INFO - Started process (PID=133) to work on /home/airflow/.local/lib/python3.7/site-packages/airflow/example_dags/example_dag_decorator.py
[2025-06-04T14:37:36.358+0000] {processor.py:743} INFO - Processing file /home/airflow/.local/lib/python3.7/site-packages/airflow/example_dags/example_dag_decorator.py for tasks to queue
[2025-06-04T14:37:36.359+0000] {logging_mixin.py:137} INFO - [2025-06-04T14:37:36.359+0000] {dagbag.py:538} INFO - Filling up the DagBag from /home/airflow/.local/lib/python3.7/site-packages/airflow/example_dags/example_dag_decorator.py
[2025-06-04T14:37:36.415+0000] {logging_mixin.py:137} INFO - [2025-06-04T14:37:36.414+0000] {taskmixin.py:205} WARNING - Dependency <Task(_PythonDecoratedOperator): prepare_email>, send_email already registered for DAG: example_dag_decorator
[2025-06-04T14:37:36.418+0000] {logging_mixin.py:137} INFO - [2025-06-04T14:37:36.418+0000] {taskmixin.py:205} WARNING - Dependency <Task(EmailOperator): send_email>, prepare_email already registered for DAG: example_dag_decorator
[2025-06-04T14:37:36.444+0000] {processor.py:753} INFO - DAG(s) dict_keys(['example_dag_decorator']) retrieved from /home/airflow/.local/lib/python3.7/site-packages/airflow/example_dags/example_dag_decorator.py
[2025-06-04T14:37:36.579+0000] {logging_mixin.py:137} INFO - [2025-06-04T14:37:36.579+0000] {dag.py:2690} INFO - Sync 1 DAGs
[2025-06-04T14:37:36.635+0000] {logging_mixin.py:137} INFO - [2025-06-04T14:37:36.634+0000] {dag.py:3441} INFO - Setting next_dagrun for example_dag_decorator to None, run_after=None
[2025-06-04T14:37:36.766+0000] {processor.py:175} INFO - Processing /home/airflow/.local/lib/python3.7/site-packages/airflow/example_dags/example_dag_decorator.py took 0.546 seconds
[2025-06-04T14:38:07.466+0000] {processor.py:153} INFO - Started process (PID=206) to work on /home/airflow/.local/lib/python3.7/site-packages/airflow/example_dags/example_dag_decorator.py
[2025-06-04T14:38:07.467+0000] {processor.py:743} INFO - Processing file /home/airflow/.local/lib/python3.7/site-packages/airflow/example_dags/example_dag_decorator.py for tasks to queue
[2025-06-04T14:38:07.468+0000] {logging_mixin.py:137} INFO - [2025-06-04T14:38:07.468+0000] {dagbag.py:538} INFO - Filling up the DagBag from /home/airflow/.local/lib/python3.7/site-packages/airflow/example_dags/example_dag_decorator.py
[2025-06-04T14:38:07.498+0000] {logging_mixin.py:137} INFO - [2025-06-04T14:38:07.497+0000] {taskmixin.py:205} WARNING - Dependency <Task(_PythonDecoratedOperator): prepare_email>, send_email already registered for DAG: example_dag_decorator
[2025-06-04T14:38:07.499+0000] {logging_mixin.py:137} INFO - [2025-06-04T14:38:07.498+0000] {taskmixin.py:205} WARNING - Dependency <Task(EmailOperator): send_email>, prepare_email already registered for DAG: example_dag_decorator
[2025-06-04T14:38:07.518+0000] {processor.py:753} INFO - DAG(s) dict_keys(['example_dag_decorator']) retrieved from /home/airflow/.local/lib/python3.7/site-packages/airflow/example_dags/example_dag_decorator.py
[2025-06-04T14:38:07.610+0000] {logging_mixin.py:137} INFO - [2025-06-04T14:38:07.610+0000] {dag.py:2690} INFO - Sync 1 DAGs
[2025-06-04T14:38:07.642+0000] {logging_mixin.py:137} INFO - [2025-06-04T14:38:07.642+0000] {dag.py:3441} INFO - Setting next_dagrun for example_dag_decorator to None, run_after=None
[2025-06-04T14:38:07.678+0000] {processor.py:175} INFO - Processing /home/airflow/.local/lib/python3.7/site-packages/airflow/example_dags/example_dag_decorator.py took 0.216 seconds
