[2025-06-04T14:37:07.487+0000] {processor.py:153} INFO - Started process (PID=67) to work on /home/airflow/.local/lib/python3.7/site-packages/airflow/example_dags/example_local_kubernetes_executor.py
[2025-06-04T14:37:07.499+0000] {processor.py:743} INFO - Processing file /home/airflow/.local/lib/python3.7/site-packages/airflow/example_dags/example_local_kubernetes_executor.py for tasks to queue
[2025-06-04T14:37:07.504+0000] {logging_mixin.py:137} INFO - [2025-06-04T14:37:07.503+0000] {dagbag.py:538} INFO - Filling up the DagBag from /home/airflow/.local/lib/python3.7/site-packages/airflow/example_dags/example_local_kubernetes_executor.py
[2025-06-04T14:37:07.629+0000] {processor.py:753} INFO - DAG(s) dict_keys(['example_local_kubernetes_executor']) retrieved from /home/airflow/.local/lib/python3.7/site-packages/airflow/example_dags/example_local_kubernetes_executor.py
[2025-06-04T14:37:08.217+0000] {logging_mixin.py:137} INFO - [2025-06-04T14:37:08.217+0000] {manager.py:504} INFO - Created Permission View: can delete on DAG:example_local_kubernetes_executor
[2025-06-04T14:37:08.253+0000] {logging_mixin.py:137} INFO - [2025-06-04T14:37:08.253+0000] {manager.py:504} INFO - Created Permission View: can read on DAG:example_local_kubernetes_executor
[2025-06-04T14:37:08.272+0000] {logging_mixin.py:137} INFO - [2025-06-04T14:37:08.272+0000] {manager.py:504} INFO - Created Permission View: can edit on DAG:example_local_kubernetes_executor
[2025-06-04T14:37:08.272+0000] {logging_mixin.py:137} INFO - [2025-06-04T14:37:08.272+0000] {dag.py:2690} INFO - Sync 1 DAGs
[2025-06-04T14:37:08.292+0000] {logging_mixin.py:137} INFO - [2025-06-04T14:37:08.292+0000] {dag.py:2711} INFO - Creating ORM DAG for example_local_kubernetes_executor
[2025-06-04T14:37:08.309+0000] {logging_mixin.py:137} INFO - [2025-06-04T14:37:08.309+0000] {dag.py:3441} INFO - Setting next_dagrun for example_local_kubernetes_executor to None, run_after=None
[2025-06-04T14:37:08.354+0000] {processor.py:175} INFO - Processing /home/airflow/.local/lib/python3.7/site-packages/airflow/example_dags/example_local_kubernetes_executor.py took 0.937 seconds
[2025-06-04T14:37:38.572+0000] {processor.py:153} INFO - Started process (PID=139) to work on /home/airflow/.local/lib/python3.7/site-packages/airflow/example_dags/example_local_kubernetes_executor.py
[2025-06-04T14:37:38.580+0000] {processor.py:743} INFO - Processing file /home/airflow/.local/lib/python3.7/site-packages/airflow/example_dags/example_local_kubernetes_executor.py for tasks to queue
[2025-06-04T14:37:38.581+0000] {logging_mixin.py:137} INFO - [2025-06-04T14:37:38.581+0000] {dagbag.py:538} INFO - Filling up the DagBag from /home/airflow/.local/lib/python3.7/site-packages/airflow/example_dags/example_local_kubernetes_executor.py
[2025-06-04T14:37:38.626+0000] {processor.py:753} INFO - DAG(s) dict_keys(['example_local_kubernetes_executor']) retrieved from /home/airflow/.local/lib/python3.7/site-packages/airflow/example_dags/example_local_kubernetes_executor.py
[2025-06-04T14:37:38.679+0000] {logging_mixin.py:137} INFO - [2025-06-04T14:37:38.679+0000] {dag.py:2690} INFO - Sync 1 DAGs
[2025-06-04T14:37:38.735+0000] {logging_mixin.py:137} INFO - [2025-06-04T14:37:38.734+0000] {dag.py:3441} INFO - Setting next_dagrun for example_local_kubernetes_executor to None, run_after=None
[2025-06-04T14:37:39.374+0000] {processor.py:175} INFO - Processing /home/airflow/.local/lib/python3.7/site-packages/airflow/example_dags/example_local_kubernetes_executor.py took 0.806 seconds
[2025-06-04T14:38:09.839+0000] {processor.py:153} INFO - Started process (PID=211) to work on /home/airflow/.local/lib/python3.7/site-packages/airflow/example_dags/example_local_kubernetes_executor.py
[2025-06-04T14:38:09.841+0000] {processor.py:743} INFO - Processing file /home/airflow/.local/lib/python3.7/site-packages/airflow/example_dags/example_local_kubernetes_executor.py for tasks to queue
[2025-06-04T14:38:09.843+0000] {logging_mixin.py:137} INFO - [2025-06-04T14:38:09.843+0000] {dagbag.py:538} INFO - Filling up the DagBag from /home/airflow/.local/lib/python3.7/site-packages/airflow/example_dags/example_local_kubernetes_executor.py
[2025-06-04T14:38:09.890+0000] {processor.py:753} INFO - DAG(s) dict_keys(['example_local_kubernetes_executor']) retrieved from /home/airflow/.local/lib/python3.7/site-packages/airflow/example_dags/example_local_kubernetes_executor.py
[2025-06-04T14:38:09.942+0000] {logging_mixin.py:137} INFO - [2025-06-04T14:38:09.942+0000] {dag.py:2690} INFO - Sync 1 DAGs
[2025-06-04T14:38:09.991+0000] {logging_mixin.py:137} INFO - [2025-06-04T14:38:09.991+0000] {dag.py:3441} INFO - Setting next_dagrun for example_local_kubernetes_executor to None, run_after=None
[2025-06-04T14:38:10.044+0000] {processor.py:175} INFO - Processing /home/airflow/.local/lib/python3.7/site-packages/airflow/example_dags/example_local_kubernetes_executor.py took 0.210 seconds
