[2025-06-04T14:37:02.128+0000] {processor.py:153} INFO - Started process (PID=57) to work on /home/airflow/.local/lib/python3.7/site-packages/airflow/example_dags/example_python_operator.py
[2025-06-04T14:37:02.130+0000] {processor.py:743} INFO - Processing file /home/airflow/.local/lib/python3.7/site-packages/airflow/example_dags/example_python_operator.py for tasks to queue
[2025-06-04T14:37:02.132+0000] {logging_mixin.py:137} INFO - [2025-06-04T14:37:02.131+0000] {dagbag.py:538} INFO - Filling up the DagBag from /home/airflow/.local/lib/python3.7/site-packages/airflow/example_dags/example_python_operator.py
[2025-06-04T14:37:02.173+0000] {logging_mixin.py:137} INFO - [2025-06-04T14:37:02.172+0000] {taskmixin.py:205} WARNING - Dependency <Task(_PythonDecoratedOperator): print_the_context>, log_sql_query already registered for DAG: example_python_operator
[2025-06-04T14:37:02.174+0000] {logging_mixin.py:137} INFO - [2025-06-04T14:37:02.174+0000] {taskmixin.py:205} WARNING - Dependency <Task(_PythonDecoratedOperator): log_sql_query>, print_the_context already registered for DAG: example_python_operator
[2025-06-04T14:37:02.178+0000] {logging_mixin.py:137} INFO - [2025-06-04T14:37:02.177+0000] {taskmixin.py:205} WARNING - Dependency <Task(_PythonDecoratedOperator): print_the_context>, log_sql_query already registered for DAG: example_python_operator
[2025-06-04T14:37:02.179+0000] {logging_mixin.py:137} INFO - [2025-06-04T14:37:02.178+0000] {taskmixin.py:205} WARNING - Dependency <Task(_PythonDecoratedOperator): log_sql_query>, print_the_context already registered for DAG: example_python_operator
[2025-06-04T14:37:02.183+0000] {logging_mixin.py:137} INFO - [2025-06-04T14:37:02.182+0000] {taskmixin.py:205} WARNING - Dependency <Task(_PythonDecoratedOperator): print_the_context>, log_sql_query already registered for DAG: example_python_operator
[2025-06-04T14:37:02.184+0000] {logging_mixin.py:137} INFO - [2025-06-04T14:37:02.183+0000] {taskmixin.py:205} WARNING - Dependency <Task(_PythonDecoratedOperator): log_sql_query>, print_the_context already registered for DAG: example_python_operator
[2025-06-04T14:37:02.188+0000] {logging_mixin.py:137} INFO - [2025-06-04T14:37:02.187+0000] {taskmixin.py:205} WARNING - Dependency <Task(_PythonDecoratedOperator): print_the_context>, log_sql_query already registered for DAG: example_python_operator
[2025-06-04T14:37:02.189+0000] {logging_mixin.py:137} INFO - [2025-06-04T14:37:02.189+0000] {taskmixin.py:205} WARNING - Dependency <Task(_PythonDecoratedOperator): log_sql_query>, print_the_context already registered for DAG: example_python_operator
[2025-06-04T14:37:02.209+0000] {processor.py:753} INFO - DAG(s) dict_keys(['example_python_operator']) retrieved from /home/airflow/.local/lib/python3.7/site-packages/airflow/example_dags/example_python_operator.py
[2025-06-04T14:37:02.606+0000] {logging_mixin.py:137} INFO - [2025-06-04T14:37:02.606+0000] {manager.py:504} INFO - Created Permission View: can delete on DAG:example_python_operator
[2025-06-04T14:37:02.626+0000] {logging_mixin.py:137} INFO - [2025-06-04T14:37:02.626+0000] {manager.py:504} INFO - Created Permission View: can read on DAG:example_python_operator
[2025-06-04T14:37:02.638+0000] {logging_mixin.py:137} INFO - [2025-06-04T14:37:02.638+0000] {manager.py:504} INFO - Created Permission View: can edit on DAG:example_python_operator
[2025-06-04T14:37:02.639+0000] {logging_mixin.py:137} INFO - [2025-06-04T14:37:02.639+0000] {dag.py:2690} INFO - Sync 1 DAGs
[2025-06-04T14:37:02.685+0000] {logging_mixin.py:137} INFO - [2025-06-04T14:37:02.685+0000] {dag.py:2711} INFO - Creating ORM DAG for example_python_operator
[2025-06-04T14:37:02.715+0000] {logging_mixin.py:137} INFO - [2025-06-04T14:37:02.715+0000] {dag.py:3441} INFO - Setting next_dagrun for example_python_operator to None, run_after=None
[2025-06-04T14:37:02.773+0000] {processor.py:175} INFO - Processing /home/airflow/.local/lib/python3.7/site-packages/airflow/example_dags/example_python_operator.py took 0.654 seconds
[2025-06-04T14:37:33.348+0000] {processor.py:153} INFO - Started process (PID=129) to work on /home/airflow/.local/lib/python3.7/site-packages/airflow/example_dags/example_python_operator.py
[2025-06-04T14:37:33.357+0000] {processor.py:743} INFO - Processing file /home/airflow/.local/lib/python3.7/site-packages/airflow/example_dags/example_python_operator.py for tasks to queue
[2025-06-04T14:37:33.358+0000] {logging_mixin.py:137} INFO - [2025-06-04T14:37:33.358+0000] {dagbag.py:538} INFO - Filling up the DagBag from /home/airflow/.local/lib/python3.7/site-packages/airflow/example_dags/example_python_operator.py
[2025-06-04T14:37:33.412+0000] {logging_mixin.py:137} INFO - [2025-06-04T14:37:33.411+0000] {taskmixin.py:205} WARNING - Dependency <Task(_PythonDecoratedOperator): print_the_context>, log_sql_query already registered for DAG: example_python_operator
[2025-06-04T14:37:33.417+0000] {logging_mixin.py:137} INFO - [2025-06-04T14:37:33.417+0000] {taskmixin.py:205} WARNING - Dependency <Task(_PythonDecoratedOperator): log_sql_query>, print_the_context already registered for DAG: example_python_operator
[2025-06-04T14:37:33.421+0000] {logging_mixin.py:137} INFO - [2025-06-04T14:37:33.420+0000] {taskmixin.py:205} WARNING - Dependency <Task(_PythonDecoratedOperator): print_the_context>, log_sql_query already registered for DAG: example_python_operator
[2025-06-04T14:37:33.422+0000] {logging_mixin.py:137} INFO - [2025-06-04T14:37:33.421+0000] {taskmixin.py:205} WARNING - Dependency <Task(_PythonDecoratedOperator): log_sql_query>, print_the_context already registered for DAG: example_python_operator
[2025-06-04T14:37:33.425+0000] {logging_mixin.py:137} INFO - [2025-06-04T14:37:33.424+0000] {taskmixin.py:205} WARNING - Dependency <Task(_PythonDecoratedOperator): print_the_context>, log_sql_query already registered for DAG: example_python_operator
[2025-06-04T14:37:33.444+0000] {logging_mixin.py:137} INFO - [2025-06-04T14:37:33.444+0000] {taskmixin.py:205} WARNING - Dependency <Task(_PythonDecoratedOperator): log_sql_query>, print_the_context already registered for DAG: example_python_operator
[2025-06-04T14:37:33.446+0000] {logging_mixin.py:137} INFO - [2025-06-04T14:37:33.446+0000] {taskmixin.py:205} WARNING - Dependency <Task(_PythonDecoratedOperator): print_the_context>, log_sql_query already registered for DAG: example_python_operator
[2025-06-04T14:37:33.453+0000] {logging_mixin.py:137} INFO - [2025-06-04T14:37:33.453+0000] {taskmixin.py:205} WARNING - Dependency <Task(_PythonDecoratedOperator): log_sql_query>, print_the_context already registered for DAG: example_python_operator
[2025-06-04T14:37:33.470+0000] {processor.py:753} INFO - DAG(s) dict_keys(['example_python_operator']) retrieved from /home/airflow/.local/lib/python3.7/site-packages/airflow/example_dags/example_python_operator.py
[2025-06-04T14:37:33.538+0000] {logging_mixin.py:137} INFO - [2025-06-04T14:37:33.538+0000] {dag.py:2690} INFO - Sync 1 DAGs
[2025-06-04T14:37:33.580+0000] {logging_mixin.py:137} INFO - [2025-06-04T14:37:33.580+0000] {dag.py:3441} INFO - Setting next_dagrun for example_python_operator to None, run_after=None
[2025-06-04T14:37:33.624+0000] {processor.py:175} INFO - Processing /home/airflow/.local/lib/python3.7/site-packages/airflow/example_dags/example_python_operator.py took 0.280 seconds
[2025-06-04T14:38:03.696+0000] {processor.py:153} INFO - Started process (PID=201) to work on /home/airflow/.local/lib/python3.7/site-packages/airflow/example_dags/example_python_operator.py
[2025-06-04T14:38:03.697+0000] {processor.py:743} INFO - Processing file /home/airflow/.local/lib/python3.7/site-packages/airflow/example_dags/example_python_operator.py for tasks to queue
[2025-06-04T14:38:03.698+0000] {logging_mixin.py:137} INFO - [2025-06-04T14:38:03.697+0000] {dagbag.py:538} INFO - Filling up the DagBag from /home/airflow/.local/lib/python3.7/site-packages/airflow/example_dags/example_python_operator.py
[2025-06-04T14:38:03.722+0000] {logging_mixin.py:137} INFO - [2025-06-04T14:38:03.722+0000] {taskmixin.py:205} WARNING - Dependency <Task(_PythonDecoratedOperator): print_the_context>, log_sql_query already registered for DAG: example_python_operator
[2025-06-04T14:38:03.722+0000] {logging_mixin.py:137} INFO - [2025-06-04T14:38:03.722+0000] {taskmixin.py:205} WARNING - Dependency <Task(_PythonDecoratedOperator): log_sql_query>, print_the_context already registered for DAG: example_python_operator
[2025-06-04T14:38:03.723+0000] {logging_mixin.py:137} INFO - [2025-06-04T14:38:03.723+0000] {taskmixin.py:205} WARNING - Dependency <Task(_PythonDecoratedOperator): print_the_context>, log_sql_query already registered for DAG: example_python_operator
[2025-06-04T14:38:03.724+0000] {logging_mixin.py:137} INFO - [2025-06-04T14:38:03.724+0000] {taskmixin.py:205} WARNING - Dependency <Task(_PythonDecoratedOperator): log_sql_query>, print_the_context already registered for DAG: example_python_operator
[2025-06-04T14:38:03.725+0000] {logging_mixin.py:137} INFO - [2025-06-04T14:38:03.725+0000] {taskmixin.py:205} WARNING - Dependency <Task(_PythonDecoratedOperator): print_the_context>, log_sql_query already registered for DAG: example_python_operator
[2025-06-04T14:38:03.725+0000] {logging_mixin.py:137} INFO - [2025-06-04T14:38:03.725+0000] {taskmixin.py:205} WARNING - Dependency <Task(_PythonDecoratedOperator): log_sql_query>, print_the_context already registered for DAG: example_python_operator
[2025-06-04T14:38:03.726+0000] {logging_mixin.py:137} INFO - [2025-06-04T14:38:03.726+0000] {taskmixin.py:205} WARNING - Dependency <Task(_PythonDecoratedOperator): print_the_context>, log_sql_query already registered for DAG: example_python_operator
[2025-06-04T14:38:03.727+0000] {logging_mixin.py:137} INFO - [2025-06-04T14:38:03.726+0000] {taskmixin.py:205} WARNING - Dependency <Task(_PythonDecoratedOperator): log_sql_query>, print_the_context already registered for DAG: example_python_operator
[2025-06-04T14:38:03.735+0000] {processor.py:753} INFO - DAG(s) dict_keys(['example_python_operator']) retrieved from /home/airflow/.local/lib/python3.7/site-packages/airflow/example_dags/example_python_operator.py
[2025-06-04T14:38:03.777+0000] {logging_mixin.py:137} INFO - [2025-06-04T14:38:03.777+0000] {dag.py:2690} INFO - Sync 1 DAGs
[2025-06-04T14:38:03.829+0000] {logging_mixin.py:137} INFO - [2025-06-04T14:38:03.829+0000] {dag.py:3441} INFO - Setting next_dagrun for example_python_operator to None, run_after=None
[2025-06-04T14:38:03.882+0000] {processor.py:175} INFO - Processing /home/airflow/.local/lib/python3.7/site-packages/airflow/example_dags/example_python_operator.py took 0.190 seconds
