[2025-06-04T14:37:08.451+0000] {processor.py:153} INFO - Started process (PID=76) to work on /home/airflow/.local/lib/python3.7/site-packages/airflow/example_dags/example_branch_python_dop_operator_3.py
[2025-06-04T14:37:08.462+0000] {processor.py:743} INFO - Processing file /home/airflow/.local/lib/python3.7/site-packages/airflow/example_dags/example_branch_python_dop_operator_3.py for tasks to queue
[2025-06-04T14:37:08.467+0000] {logging_mixin.py:137} INFO - [2025-06-04T14:37:08.466+0000] {dagbag.py:538} INFO - Filling up the DagBag from /home/airflow/.local/lib/python3.7/site-packages/airflow/example_dags/example_branch_python_dop_operator_3.py
[2025-06-04T14:37:08.700+0000] {processor.py:753} INFO - DAG(s) dict_keys(['example_branch_dop_operator_v3']) retrieved from /home/airflow/.local/lib/python3.7/site-packages/airflow/example_dags/example_branch_python_dop_operator_3.py
[2025-06-04T14:37:09.580+0000] {logging_mixin.py:137} INFO - [2025-06-04T14:37:09.579+0000] {manager.py:504} INFO - Created Permission View: can delete on DAG:example_branch_dop_operator_v3
[2025-06-04T14:37:09.821+0000] {logging_mixin.py:137} INFO - [2025-06-04T14:37:09.821+0000] {manager.py:504} INFO - Created Permission View: can read on DAG:example_branch_dop_operator_v3
[2025-06-04T14:37:09.885+0000] {logging_mixin.py:137} INFO - [2025-06-04T14:37:09.884+0000] {manager.py:504} INFO - Created Permission View: can edit on DAG:example_branch_dop_operator_v3
[2025-06-04T14:37:09.887+0000] {logging_mixin.py:137} INFO - [2025-06-04T14:37:09.886+0000] {dag.py:2690} INFO - Sync 1 DAGs
[2025-06-04T14:37:10.210+0000] {logging_mixin.py:137} INFO - [2025-06-04T14:37:10.210+0000] {dag.py:2711} INFO - Creating ORM DAG for example_branch_dop_operator_v3
[2025-06-04T14:37:10.301+0000] {logging_mixin.py:137} INFO - [2025-06-04T14:37:10.300+0000] {dag.py:3441} INFO - Setting next_dagrun for example_branch_dop_operator_v3 to 2025-06-04T14:36:00+00:00, run_after=2025-06-04T14:37:00+00:00
[2025-06-04T14:37:10.457+0000] {processor.py:175} INFO - Processing /home/airflow/.local/lib/python3.7/site-packages/airflow/example_dags/example_branch_python_dop_operator_3.py took 2.048 seconds
[2025-06-04T14:37:40.716+0000] {processor.py:153} INFO - Started process (PID=141) to work on /home/airflow/.local/lib/python3.7/site-packages/airflow/example_dags/example_branch_python_dop_operator_3.py
[2025-06-04T14:37:40.719+0000] {processor.py:743} INFO - Processing file /home/airflow/.local/lib/python3.7/site-packages/airflow/example_dags/example_branch_python_dop_operator_3.py for tasks to queue
[2025-06-04T14:37:40.723+0000] {logging_mixin.py:137} INFO - [2025-06-04T14:37:40.723+0000] {dagbag.py:538} INFO - Filling up the DagBag from /home/airflow/.local/lib/python3.7/site-packages/airflow/example_dags/example_branch_python_dop_operator_3.py
[2025-06-04T14:37:40.816+0000] {processor.py:753} INFO - DAG(s) dict_keys(['example_branch_dop_operator_v3']) retrieved from /home/airflow/.local/lib/python3.7/site-packages/airflow/example_dags/example_branch_python_dop_operator_3.py
[2025-06-04T14:37:40.906+0000] {logging_mixin.py:137} INFO - [2025-06-04T14:37:40.905+0000] {dag.py:2690} INFO - Sync 1 DAGs
[2025-06-04T14:37:41.120+0000] {logging_mixin.py:137} INFO - [2025-06-04T14:37:41.119+0000] {dag.py:3441} INFO - Setting next_dagrun for example_branch_dop_operator_v3 to 2025-06-04T14:36:00+00:00, run_after=2025-06-04T14:37:00+00:00
[2025-06-04T14:37:41.205+0000] {processor.py:175} INFO - Processing /home/airflow/.local/lib/python3.7/site-packages/airflow/example_dags/example_branch_python_dop_operator_3.py took 0.495 seconds
[2025-06-04T14:38:11.317+0000] {processor.py:153} INFO - Started process (PID=213) to work on /home/airflow/.local/lib/python3.7/site-packages/airflow/example_dags/example_branch_python_dop_operator_3.py
[2025-06-04T14:38:11.319+0000] {processor.py:743} INFO - Processing file /home/airflow/.local/lib/python3.7/site-packages/airflow/example_dags/example_branch_python_dop_operator_3.py for tasks to queue
[2025-06-04T14:38:11.320+0000] {logging_mixin.py:137} INFO - [2025-06-04T14:38:11.319+0000] {dagbag.py:538} INFO - Filling up the DagBag from /home/airflow/.local/lib/python3.7/site-packages/airflow/example_dags/example_branch_python_dop_operator_3.py
[2025-06-04T14:38:11.369+0000] {processor.py:753} INFO - DAG(s) dict_keys(['example_branch_dop_operator_v3']) retrieved from /home/airflow/.local/lib/python3.7/site-packages/airflow/example_dags/example_branch_python_dop_operator_3.py
[2025-06-04T14:38:11.426+0000] {logging_mixin.py:137} INFO - [2025-06-04T14:38:11.425+0000] {dag.py:2690} INFO - Sync 1 DAGs
[2025-06-04T14:38:11.501+0000] {logging_mixin.py:137} INFO - [2025-06-04T14:38:11.501+0000] {dag.py:3441} INFO - Setting next_dagrun for example_branch_dop_operator_v3 to 2025-06-04T14:37:00+00:00, run_after=2025-06-04T14:38:00+00:00
[2025-06-04T14:38:11.531+0000] {processor.py:175} INFO - Processing /home/airflow/.local/lib/python3.7/site-packages/airflow/example_dags/example_branch_python_dop_operator_3.py took 0.218 seconds
