[2025-06-04T14:37:22.364+0000] {processor.py:153} INFO - Started process (PID=98) to work on /home/airflow/.local/lib/python3.7/site-packages/airflow/example_dags/example_trigger_target_dag.py
[2025-06-04T14:37:22.367+0000] {processor.py:743} INFO - Processing file /home/airflow/.local/lib/python3.7/site-packages/airflow/example_dags/example_trigger_target_dag.py for tasks to queue
[2025-06-04T14:37:22.369+0000] {logging_mixin.py:137} INFO - [2025-06-04T14:37:22.369+0000] {dagbag.py:538} INFO - Filling up the DagBag from /home/airflow/.local/lib/python3.7/site-packages/airflow/example_dags/example_trigger_target_dag.py
[2025-06-04T14:37:22.442+0000] {processor.py:753} INFO - DAG(s) dict_keys(['example_trigger_target_dag']) retrieved from /home/airflow/.local/lib/python3.7/site-packages/airflow/example_dags/example_trigger_target_dag.py
[2025-06-04T14:37:22.725+0000] {logging_mixin.py:137} INFO - [2025-06-04T14:37:22.725+0000] {manager.py:504} INFO - Created Permission View: can delete on DAG:example_trigger_target_dag
[2025-06-04T14:37:22.750+0000] {logging_mixin.py:137} INFO - [2025-06-04T14:37:22.750+0000] {manager.py:504} INFO - Created Permission View: can read on DAG:example_trigger_target_dag
[2025-06-04T14:37:22.772+0000] {logging_mixin.py:137} INFO - [2025-06-04T14:37:22.771+0000] {manager.py:504} INFO - Created Permission View: can edit on DAG:example_trigger_target_dag
[2025-06-04T14:37:22.773+0000] {logging_mixin.py:137} INFO - [2025-06-04T14:37:22.772+0000] {dag.py:2690} INFO - Sync 1 DAGs
[2025-06-04T14:37:22.821+0000] {logging_mixin.py:137} INFO - [2025-06-04T14:37:22.820+0000] {dag.py:2711} INFO - Creating ORM DAG for example_trigger_target_dag
[2025-06-04T14:37:22.878+0000] {logging_mixin.py:137} INFO - [2025-06-04T14:37:22.878+0000] {dag.py:3441} INFO - Setting next_dagrun for example_trigger_target_dag to None, run_after=None
[2025-06-04T14:37:22.956+0000] {processor.py:175} INFO - Processing /home/airflow/.local/lib/python3.7/site-packages/airflow/example_dags/example_trigger_target_dag.py took 0.607 seconds
[2025-06-04T14:37:53.252+0000] {processor.py:153} INFO - Started process (PID=170) to work on /home/airflow/.local/lib/python3.7/site-packages/airflow/example_dags/example_trigger_target_dag.py
[2025-06-04T14:37:53.255+0000] {processor.py:743} INFO - Processing file /home/airflow/.local/lib/python3.7/site-packages/airflow/example_dags/example_trigger_target_dag.py for tasks to queue
[2025-06-04T14:37:53.257+0000] {logging_mixin.py:137} INFO - [2025-06-04T14:37:53.256+0000] {dagbag.py:538} INFO - Filling up the DagBag from /home/airflow/.local/lib/python3.7/site-packages/airflow/example_dags/example_trigger_target_dag.py
[2025-06-04T14:37:53.300+0000] {processor.py:753} INFO - DAG(s) dict_keys(['example_trigger_target_dag']) retrieved from /home/airflow/.local/lib/python3.7/site-packages/airflow/example_dags/example_trigger_target_dag.py
[2025-06-04T14:37:53.334+0000] {logging_mixin.py:137} INFO - [2025-06-04T14:37:53.334+0000] {dag.py:2690} INFO - Sync 1 DAGs
[2025-06-04T14:37:53.366+0000] {logging_mixin.py:137} INFO - [2025-06-04T14:37:53.366+0000] {dag.py:3441} INFO - Setting next_dagrun for example_trigger_target_dag to None, run_after=None
[2025-06-04T14:37:53.400+0000] {processor.py:175} INFO - Processing /home/airflow/.local/lib/python3.7/site-packages/airflow/example_dags/example_trigger_target_dag.py took 0.156 seconds
[2025-06-04T14:38:23.940+0000] {processor.py:153} INFO - Started process (PID=242) to work on /home/airflow/.local/lib/python3.7/site-packages/airflow/example_dags/example_trigger_target_dag.py
[2025-06-04T14:38:23.941+0000] {processor.py:743} INFO - Processing file /home/airflow/.local/lib/python3.7/site-packages/airflow/example_dags/example_trigger_target_dag.py for tasks to queue
[2025-06-04T14:38:23.943+0000] {logging_mixin.py:137} INFO - [2025-06-04T14:38:23.943+0000] {dagbag.py:538} INFO - Filling up the DagBag from /home/airflow/.local/lib/python3.7/site-packages/airflow/example_dags/example_trigger_target_dag.py
[2025-06-04T14:38:23.977+0000] {processor.py:753} INFO - DAG(s) dict_keys(['example_trigger_target_dag']) retrieved from /home/airflow/.local/lib/python3.7/site-packages/airflow/example_dags/example_trigger_target_dag.py
[2025-06-04T14:38:24.022+0000] {logging_mixin.py:137} INFO - [2025-06-04T14:38:24.022+0000] {dag.py:2690} INFO - Sync 1 DAGs
[2025-06-04T14:38:24.058+0000] {logging_mixin.py:137} INFO - [2025-06-04T14:38:24.058+0000] {dag.py:3441} INFO - Setting next_dagrun for example_trigger_target_dag to None, run_after=None
[2025-06-04T14:38:24.170+0000] {processor.py:175} INFO - Processing /home/airflow/.local/lib/python3.7/site-packages/airflow/example_dags/example_trigger_target_dag.py took 0.234 seconds
