[2025-06-04T14:37:02.830+0000] {processor.py:153} INFO - Started process (PID=58) to work on /home/airflow/.local/lib/python3.7/site-packages/airflow/example_dags/example_nested_branch_dag.py
[2025-06-04T14:37:02.831+0000] {processor.py:743} INFO - Processing file /home/airflow/.local/lib/python3.7/site-packages/airflow/example_dags/example_nested_branch_dag.py for tasks to queue
[2025-06-04T14:37:02.833+0000] {logging_mixin.py:137} INFO - [2025-06-04T14:37:02.832+0000] {dagbag.py:538} INFO - Filling up the DagBag from /home/airflow/.local/lib/python3.7/site-packages/airflow/example_dags/example_nested_branch_dag.py
[2025-06-04T14:37:02.890+0000] {processor.py:753} INFO - DAG(s) dict_keys(['example_nested_branch_dag']) retrieved from /home/airflow/.local/lib/python3.7/site-packages/airflow/example_dags/example_nested_branch_dag.py
[2025-06-04T14:37:03.100+0000] {logging_mixin.py:137} INFO - [2025-06-04T14:37:03.099+0000] {manager.py:504} INFO - Created Permission View: can delete on DAG:example_nested_branch_dag
[2025-06-04T14:37:03.123+0000] {logging_mixin.py:137} INFO - [2025-06-04T14:37:03.122+0000] {manager.py:504} INFO - Created Permission View: can read on DAG:example_nested_branch_dag
[2025-06-04T14:37:03.144+0000] {logging_mixin.py:137} INFO - [2025-06-04T14:37:03.144+0000] {manager.py:504} INFO - Created Permission View: can edit on DAG:example_nested_branch_dag
[2025-06-04T14:37:03.145+0000] {logging_mixin.py:137} INFO - [2025-06-04T14:37:03.145+0000] {dag.py:2690} INFO - Sync 1 DAGs
[2025-06-04T14:37:03.207+0000] {logging_mixin.py:137} INFO - [2025-06-04T14:37:03.207+0000] {dag.py:2711} INFO - Creating ORM DAG for example_nested_branch_dag
[2025-06-04T14:37:03.258+0000] {logging_mixin.py:137} INFO - [2025-06-04T14:37:03.256+0000] {dag.py:3441} INFO - Setting next_dagrun for example_nested_branch_dag to 2025-06-03T00:00:00+00:00, run_after=2025-06-04T00:00:00+00:00
[2025-06-04T14:37:03.319+0000] {processor.py:175} INFO - Processing /home/airflow/.local/lib/python3.7/site-packages/airflow/example_dags/example_nested_branch_dag.py took 0.494 seconds
[2025-06-04T14:37:33.637+0000] {processor.py:153} INFO - Started process (PID=130) to work on /home/airflow/.local/lib/python3.7/site-packages/airflow/example_dags/example_nested_branch_dag.py
[2025-06-04T14:37:33.656+0000] {processor.py:743} INFO - Processing file /home/airflow/.local/lib/python3.7/site-packages/airflow/example_dags/example_nested_branch_dag.py for tasks to queue
[2025-06-04T14:37:33.657+0000] {logging_mixin.py:137} INFO - [2025-06-04T14:37:33.657+0000] {dagbag.py:538} INFO - Filling up the DagBag from /home/airflow/.local/lib/python3.7/site-packages/airflow/example_dags/example_nested_branch_dag.py
[2025-06-04T14:37:33.701+0000] {processor.py:753} INFO - DAG(s) dict_keys(['example_nested_branch_dag']) retrieved from /home/airflow/.local/lib/python3.7/site-packages/airflow/example_dags/example_nested_branch_dag.py
[2025-06-04T14:37:33.762+0000] {logging_mixin.py:137} INFO - [2025-06-04T14:37:33.762+0000] {dag.py:2690} INFO - Sync 1 DAGs
[2025-06-04T14:37:33.827+0000] {logging_mixin.py:137} INFO - [2025-06-04T14:37:33.827+0000] {dag.py:3441} INFO - Setting next_dagrun for example_nested_branch_dag to 2025-06-03T00:00:00+00:00, run_after=2025-06-04T00:00:00+00:00
[2025-06-04T14:37:33.873+0000] {processor.py:175} INFO - Processing /home/airflow/.local/lib/python3.7/site-packages/airflow/example_dags/example_nested_branch_dag.py took 0.241 seconds
[2025-06-04T14:38:03.921+0000] {processor.py:153} INFO - Started process (PID=202) to work on /home/airflow/.local/lib/python3.7/site-packages/airflow/example_dags/example_nested_branch_dag.py
[2025-06-04T14:38:03.923+0000] {processor.py:743} INFO - Processing file /home/airflow/.local/lib/python3.7/site-packages/airflow/example_dags/example_nested_branch_dag.py for tasks to queue
[2025-06-04T14:38:03.923+0000] {logging_mixin.py:137} INFO - [2025-06-04T14:38:03.923+0000] {dagbag.py:538} INFO - Filling up the DagBag from /home/airflow/.local/lib/python3.7/site-packages/airflow/example_dags/example_nested_branch_dag.py
[2025-06-04T14:38:03.950+0000] {processor.py:753} INFO - DAG(s) dict_keys(['example_nested_branch_dag']) retrieved from /home/airflow/.local/lib/python3.7/site-packages/airflow/example_dags/example_nested_branch_dag.py
[2025-06-04T14:38:03.979+0000] {logging_mixin.py:137} INFO - [2025-06-04T14:38:03.979+0000] {dag.py:2690} INFO - Sync 1 DAGs
[2025-06-04T14:38:04.032+0000] {logging_mixin.py:137} INFO - [2025-06-04T14:38:04.032+0000] {dag.py:3441} INFO - Setting next_dagrun for example_nested_branch_dag to 2025-06-03T00:00:00+00:00, run_after=2025-06-04T00:00:00+00:00
[2025-06-04T14:38:04.085+0000] {processor.py:175} INFO - Processing /home/airflow/.local/lib/python3.7/site-packages/airflow/example_dags/example_nested_branch_dag.py took 0.168 seconds
