[2025-06-04T14:37:16.517+0000] {processor.py:153} INFO - Started process (PID=91) to work on /home/airflow/.local/lib/python3.7/site-packages/airflow/example_dags/example_datasets.py
[2025-06-04T14:37:16.543+0000] {processor.py:743} INFO - Processing file /home/airflow/.local/lib/python3.7/site-packages/airflow/example_dags/example_datasets.py for tasks to queue
[2025-06-04T14:37:16.550+0000] {logging_mixin.py:137} INFO - [2025-06-04T14:37:16.548+0000] {dagbag.py:538} INFO - Filling up the DagBag from /home/airflow/.local/lib/python3.7/site-packages/airflow/example_dags/example_datasets.py
[2025-06-04T14:37:16.774+0000] {processor.py:753} INFO - DAG(s) dict_keys(['dataset_consumes_1_never_scheduled', 'dataset_produces_2', 'dataset_consumes_unknown_never_scheduled', 'dataset_produces_1', 'dataset_consumes_1_and_2', 'dataset_consumes_1']) retrieved from /home/airflow/.local/lib/python3.7/site-packages/airflow/example_dags/example_datasets.py
[2025-06-04T14:37:17.344+0000] {logging_mixin.py:137} INFO - [2025-06-04T14:37:17.344+0000] {manager.py:504} INFO - Created Permission View: can delete on DAG:dataset_consumes_1_never_scheduled
[2025-06-04T14:37:17.463+0000] {logging_mixin.py:137} INFO - [2025-06-04T14:37:17.462+0000] {manager.py:504} INFO - Created Permission View: can read on DAG:dataset_consumes_1_never_scheduled
[2025-06-04T14:37:17.514+0000] {logging_mixin.py:137} INFO - [2025-06-04T14:37:17.514+0000] {manager.py:504} INFO - Created Permission View: can edit on DAG:dataset_consumes_1_never_scheduled
[2025-06-04T14:37:17.585+0000] {logging_mixin.py:137} INFO - [2025-06-04T14:37:17.585+0000] {manager.py:504} INFO - Created Permission View: can delete on DAG:dataset_produces_2
[2025-06-04T14:37:17.651+0000] {logging_mixin.py:137} INFO - [2025-06-04T14:37:17.651+0000] {manager.py:504} INFO - Created Permission View: can read on DAG:dataset_produces_2
[2025-06-04T14:37:17.745+0000] {logging_mixin.py:137} INFO - [2025-06-04T14:37:17.744+0000] {manager.py:504} INFO - Created Permission View: can edit on DAG:dataset_produces_2
[2025-06-04T14:37:17.916+0000] {logging_mixin.py:137} INFO - [2025-06-04T14:37:17.915+0000] {manager.py:504} INFO - Created Permission View: can delete on DAG:dataset_consumes_unknown_never_scheduled
[2025-06-04T14:37:17.949+0000] {logging_mixin.py:137} INFO - [2025-06-04T14:37:17.949+0000] {manager.py:504} INFO - Created Permission View: can read on DAG:dataset_consumes_unknown_never_scheduled
[2025-06-04T14:37:18.002+0000] {logging_mixin.py:137} INFO - [2025-06-04T14:37:18.002+0000] {manager.py:504} INFO - Created Permission View: can edit on DAG:dataset_consumes_unknown_never_scheduled
[2025-06-04T14:37:18.118+0000] {logging_mixin.py:137} INFO - [2025-06-04T14:37:18.118+0000] {manager.py:504} INFO - Created Permission View: can delete on DAG:dataset_produces_1
[2025-06-04T14:37:18.178+0000] {logging_mixin.py:137} INFO - [2025-06-04T14:37:18.177+0000] {manager.py:504} INFO - Created Permission View: can read on DAG:dataset_produces_1
[2025-06-04T14:37:18.218+0000] {logging_mixin.py:137} INFO - [2025-06-04T14:37:18.217+0000] {manager.py:504} INFO - Created Permission View: can edit on DAG:dataset_produces_1
[2025-06-04T14:37:18.278+0000] {logging_mixin.py:137} INFO - [2025-06-04T14:37:18.278+0000] {manager.py:504} INFO - Created Permission View: can delete on DAG:dataset_consumes_1_and_2
[2025-06-04T14:37:18.305+0000] {logging_mixin.py:137} INFO - [2025-06-04T14:37:18.305+0000] {manager.py:504} INFO - Created Permission View: can read on DAG:dataset_consumes_1_and_2
[2025-06-04T14:37:18.330+0000] {logging_mixin.py:137} INFO - [2025-06-04T14:37:18.329+0000] {manager.py:504} INFO - Created Permission View: can edit on DAG:dataset_consumes_1_and_2
[2025-06-04T14:37:18.383+0000] {logging_mixin.py:137} INFO - [2025-06-04T14:37:18.383+0000] {manager.py:504} INFO - Created Permission View: can delete on DAG:dataset_consumes_1
[2025-06-04T14:37:18.404+0000] {logging_mixin.py:137} INFO - [2025-06-04T14:37:18.403+0000] {manager.py:504} INFO - Created Permission View: can read on DAG:dataset_consumes_1
[2025-06-04T14:37:18.436+0000] {logging_mixin.py:137} INFO - [2025-06-04T14:37:18.436+0000] {manager.py:504} INFO - Created Permission View: can edit on DAG:dataset_consumes_1
[2025-06-04T14:37:18.437+0000] {logging_mixin.py:137} INFO - [2025-06-04T14:37:18.436+0000] {dag.py:2690} INFO - Sync 6 DAGs
[2025-06-04T14:37:18.531+0000] {logging_mixin.py:137} INFO - [2025-06-04T14:37:18.531+0000] {dag.py:2711} INFO - Creating ORM DAG for dataset_produces_1
[2025-06-04T14:37:18.534+0000] {logging_mixin.py:137} INFO - [2025-06-04T14:37:18.533+0000] {dag.py:2711} INFO - Creating ORM DAG for dataset_consumes_1
[2025-06-04T14:37:18.535+0000] {logging_mixin.py:137} INFO - [2025-06-04T14:37:18.535+0000] {dag.py:2711} INFO - Creating ORM DAG for dataset_consumes_unknown_never_scheduled
[2025-06-04T14:37:18.537+0000] {logging_mixin.py:137} INFO - [2025-06-04T14:37:18.536+0000] {dag.py:2711} INFO - Creating ORM DAG for dataset_consumes_1_and_2
[2025-06-04T14:37:18.539+0000] {logging_mixin.py:137} INFO - [2025-06-04T14:37:18.539+0000] {dag.py:2711} INFO - Creating ORM DAG for dataset_produces_2
[2025-06-04T14:37:18.542+0000] {logging_mixin.py:137} INFO - [2025-06-04T14:37:18.541+0000] {dag.py:2711} INFO - Creating ORM DAG for dataset_consumes_1_never_scheduled
[2025-06-04T14:37:18.631+0000] {logging_mixin.py:137} INFO - [2025-06-04T14:37:18.628+0000] {dag.py:3441} INFO - Setting next_dagrun for dataset_consumes_1 to None, run_after=None
[2025-06-04T14:37:18.634+0000] {logging_mixin.py:137} INFO - [2025-06-04T14:37:18.633+0000] {dag.py:3441} INFO - Setting next_dagrun for dataset_consumes_1_and_2 to None, run_after=None
[2025-06-04T14:37:18.635+0000] {logging_mixin.py:137} INFO - [2025-06-04T14:37:18.635+0000] {dag.py:3441} INFO - Setting next_dagrun for dataset_consumes_1_never_scheduled to None, run_after=None
[2025-06-04T14:37:18.638+0000] {logging_mixin.py:137} INFO - [2025-06-04T14:37:18.638+0000] {dag.py:3441} INFO - Setting next_dagrun for dataset_consumes_unknown_never_scheduled to None, run_after=None
[2025-06-04T14:37:18.647+0000] {logging_mixin.py:137} INFO - [2025-06-04T14:37:18.646+0000] {dag.py:3441} INFO - Setting next_dagrun for dataset_produces_1 to 2025-06-03T00:00:00+00:00, run_after=2025-06-04T00:00:00+00:00
[2025-06-04T14:37:18.650+0000] {logging_mixin.py:137} INFO - [2025-06-04T14:37:18.649+0000] {dag.py:3441} INFO - Setting next_dagrun for dataset_produces_2 to None, run_after=None
[2025-06-04T14:37:18.840+0000] {processor.py:175} INFO - Processing /home/airflow/.local/lib/python3.7/site-packages/airflow/example_dags/example_datasets.py took 2.415 seconds
[2025-06-04T14:37:49.164+0000] {processor.py:153} INFO - Started process (PID=164) to work on /home/airflow/.local/lib/python3.7/site-packages/airflow/example_dags/example_datasets.py
[2025-06-04T14:37:49.166+0000] {processor.py:743} INFO - Processing file /home/airflow/.local/lib/python3.7/site-packages/airflow/example_dags/example_datasets.py for tasks to queue
[2025-06-04T14:37:49.167+0000] {logging_mixin.py:137} INFO - [2025-06-04T14:37:49.167+0000] {dagbag.py:538} INFO - Filling up the DagBag from /home/airflow/.local/lib/python3.7/site-packages/airflow/example_dags/example_datasets.py
[2025-06-04T14:37:49.227+0000] {processor.py:753} INFO - DAG(s) dict_keys(['dataset_consumes_1_and_2', 'dataset_consumes_1', 'dataset_consumes_1_never_scheduled', 'dataset_produces_1', 'dataset_consumes_unknown_never_scheduled', 'dataset_produces_2']) retrieved from /home/airflow/.local/lib/python3.7/site-packages/airflow/example_dags/example_datasets.py
[2025-06-04T14:37:49.319+0000] {logging_mixin.py:137} INFO - [2025-06-04T14:37:49.319+0000] {dag.py:2690} INFO - Sync 6 DAGs
[2025-06-04T14:37:49.389+0000] {logging_mixin.py:137} INFO - [2025-06-04T14:37:49.389+0000] {dag.py:3441} INFO - Setting next_dagrun for dataset_consumes_1 to None, run_after=None
[2025-06-04T14:37:49.437+0000] {logging_mixin.py:137} INFO - [2025-06-04T14:37:49.437+0000] {dag.py:3441} INFO - Setting next_dagrun for dataset_consumes_1_and_2 to None, run_after=None
[2025-06-04T14:37:49.450+0000] {logging_mixin.py:137} INFO - [2025-06-04T14:37:49.449+0000] {dag.py:3441} INFO - Setting next_dagrun for dataset_consumes_1_never_scheduled to None, run_after=None
[2025-06-04T14:37:49.456+0000] {logging_mixin.py:137} INFO - [2025-06-04T14:37:49.455+0000] {dag.py:3441} INFO - Setting next_dagrun for dataset_consumes_unknown_never_scheduled to None, run_after=None
[2025-06-04T14:37:49.471+0000] {logging_mixin.py:137} INFO - [2025-06-04T14:37:49.470+0000] {dag.py:3441} INFO - Setting next_dagrun for dataset_produces_1 to 2025-06-03T00:00:00+00:00, run_after=2025-06-04T00:00:00+00:00
[2025-06-04T14:37:49.474+0000] {logging_mixin.py:137} INFO - [2025-06-04T14:37:49.473+0000] {dag.py:3441} INFO - Setting next_dagrun for dataset_produces_2 to None, run_after=None
[2025-06-04T14:37:49.602+0000] {processor.py:175} INFO - Processing /home/airflow/.local/lib/python3.7/site-packages/airflow/example_dags/example_datasets.py took 0.455 seconds
[2025-06-04T14:38:20.237+0000] {processor.py:153} INFO - Started process (PID=236) to work on /home/airflow/.local/lib/python3.7/site-packages/airflow/example_dags/example_datasets.py
[2025-06-04T14:38:20.238+0000] {processor.py:743} INFO - Processing file /home/airflow/.local/lib/python3.7/site-packages/airflow/example_dags/example_datasets.py for tasks to queue
[2025-06-04T14:38:20.239+0000] {logging_mixin.py:137} INFO - [2025-06-04T14:38:20.239+0000] {dagbag.py:538} INFO - Filling up the DagBag from /home/airflow/.local/lib/python3.7/site-packages/airflow/example_dags/example_datasets.py
[2025-06-04T14:38:20.264+0000] {processor.py:753} INFO - DAG(s) dict_keys(['dataset_consumes_1_and_2', 'dataset_produces_2', 'dataset_consumes_1_never_scheduled', 'dataset_produces_1', 'dataset_consumes_1', 'dataset_consumes_unknown_never_scheduled']) retrieved from /home/airflow/.local/lib/python3.7/site-packages/airflow/example_dags/example_datasets.py
[2025-06-04T14:38:20.340+0000] {logging_mixin.py:137} INFO - [2025-06-04T14:38:20.340+0000] {dag.py:2690} INFO - Sync 6 DAGs
[2025-06-04T14:38:20.396+0000] {logging_mixin.py:137} INFO - [2025-06-04T14:38:20.396+0000] {dag.py:3441} INFO - Setting next_dagrun for dataset_consumes_1 to None, run_after=None
[2025-06-04T14:38:20.404+0000] {logging_mixin.py:137} INFO - [2025-06-04T14:38:20.403+0000] {dag.py:3441} INFO - Setting next_dagrun for dataset_consumes_1_and_2 to None, run_after=None
[2025-06-04T14:38:20.406+0000] {logging_mixin.py:137} INFO - [2025-06-04T14:38:20.406+0000] {dag.py:3441} INFO - Setting next_dagrun for dataset_consumes_1_never_scheduled to None, run_after=None
[2025-06-04T14:38:20.408+0000] {logging_mixin.py:137} INFO - [2025-06-04T14:38:20.408+0000] {dag.py:3441} INFO - Setting next_dagrun for dataset_consumes_unknown_never_scheduled to None, run_after=None
[2025-06-04T14:38:20.412+0000] {logging_mixin.py:137} INFO - [2025-06-04T14:38:20.412+0000] {dag.py:3441} INFO - Setting next_dagrun for dataset_produces_1 to 2025-06-03T00:00:00+00:00, run_after=2025-06-04T00:00:00+00:00
[2025-06-04T14:38:20.414+0000] {logging_mixin.py:137} INFO - [2025-06-04T14:38:20.414+0000] {dag.py:3441} INFO - Setting next_dagrun for dataset_produces_2 to None, run_after=None
[2025-06-04T14:38:20.479+0000] {processor.py:175} INFO - Processing /home/airflow/.local/lib/python3.7/site-packages/airflow/example_dags/example_datasets.py took 0.247 seconds
