[2025-06-04T14:37:15.418+0000] {processor.py:153} INFO - Started process (PID=83) to work on /home/airflow/.local/lib/python3.7/site-packages/airflow/example_dags/example_short_circuit_decorator.py
[2025-06-04T14:37:15.440+0000] {processor.py:743} INFO - Processing file /home/airflow/.local/lib/python3.7/site-packages/airflow/example_dags/example_short_circuit_decorator.py for tasks to queue
[2025-06-04T14:37:15.444+0000] {logging_mixin.py:137} INFO - [2025-06-04T14:37:15.443+0000] {dagbag.py:538} INFO - Filling up the DagBag from /home/airflow/.local/lib/python3.7/site-packages/airflow/example_dags/example_short_circuit_decorator.py
[2025-06-04T14:37:15.612+0000] {processor.py:753} INFO - DAG(s) dict_keys(['example_short_circuit_decorator']) retrieved from /home/airflow/.local/lib/python3.7/site-packages/airflow/example_dags/example_short_circuit_decorator.py
[2025-06-04T14:37:16.427+0000] {logging_mixin.py:137} INFO - [2025-06-04T14:37:16.426+0000] {manager.py:504} INFO - Created Permission View: can delete on DAG:example_short_circuit_decorator
[2025-06-04T14:37:16.461+0000] {logging_mixin.py:137} INFO - [2025-06-04T14:37:16.461+0000] {manager.py:504} INFO - Created Permission View: can read on DAG:example_short_circuit_decorator
[2025-06-04T14:37:16.482+0000] {logging_mixin.py:137} INFO - [2025-06-04T14:37:16.482+0000] {manager.py:504} INFO - Created Permission View: can edit on DAG:example_short_circuit_decorator
[2025-06-04T14:37:16.485+0000] {logging_mixin.py:137} INFO - [2025-06-04T14:37:16.484+0000] {dag.py:2690} INFO - Sync 1 DAGs
[2025-06-04T14:37:16.559+0000] {logging_mixin.py:137} INFO - [2025-06-04T14:37:16.559+0000] {dag.py:2711} INFO - Creating ORM DAG for example_short_circuit_decorator
[2025-06-04T14:37:16.655+0000] {logging_mixin.py:137} INFO - [2025-06-04T14:37:16.654+0000] {dag.py:3441} INFO - Setting next_dagrun for example_short_circuit_decorator to 2025-06-03T14:37:16.653290+00:00, run_after=2025-06-04T14:37:16.653290+00:00
[2025-06-04T14:37:16.760+0000] {processor.py:175} INFO - Processing /home/airflow/.local/lib/python3.7/site-packages/airflow/example_dags/example_short_circuit_decorator.py took 1.396 seconds
[2025-06-04T14:37:47.550+0000] {processor.py:153} INFO - Started process (PID=162) to work on /home/airflow/.local/lib/python3.7/site-packages/airflow/example_dags/example_short_circuit_decorator.py
[2025-06-04T14:37:47.571+0000] {processor.py:743} INFO - Processing file /home/airflow/.local/lib/python3.7/site-packages/airflow/example_dags/example_short_circuit_decorator.py for tasks to queue
[2025-06-04T14:37:47.574+0000] {logging_mixin.py:137} INFO - [2025-06-04T14:37:47.573+0000] {dagbag.py:538} INFO - Filling up the DagBag from /home/airflow/.local/lib/python3.7/site-packages/airflow/example_dags/example_short_circuit_decorator.py
[2025-06-04T14:37:47.624+0000] {processor.py:753} INFO - DAG(s) dict_keys(['example_short_circuit_decorator']) retrieved from /home/airflow/.local/lib/python3.7/site-packages/airflow/example_dags/example_short_circuit_decorator.py
[2025-06-04T14:37:47.670+0000] {logging_mixin.py:137} INFO - [2025-06-04T14:37:47.670+0000] {dag.py:2690} INFO - Sync 1 DAGs
[2025-06-04T14:37:47.701+0000] {logging_mixin.py:137} INFO - [2025-06-04T14:37:47.701+0000] {dag.py:3441} INFO - Setting next_dagrun for example_short_circuit_decorator to 2025-06-03T14:37:47.700974+00:00, run_after=2025-06-04T14:37:47.700974+00:00
[2025-06-04T14:37:47.738+0000] {processor.py:175} INFO - Processing /home/airflow/.local/lib/python3.7/site-packages/airflow/example_dags/example_short_circuit_decorator.py took 0.198 seconds
[2025-06-04T14:38:18.051+0000] {processor.py:153} INFO - Started process (PID=234) to work on /home/airflow/.local/lib/python3.7/site-packages/airflow/example_dags/example_short_circuit_decorator.py
[2025-06-04T14:38:18.053+0000] {processor.py:743} INFO - Processing file /home/airflow/.local/lib/python3.7/site-packages/airflow/example_dags/example_short_circuit_decorator.py for tasks to queue
[2025-06-04T14:38:18.054+0000] {logging_mixin.py:137} INFO - [2025-06-04T14:38:18.053+0000] {dagbag.py:538} INFO - Filling up the DagBag from /home/airflow/.local/lib/python3.7/site-packages/airflow/example_dags/example_short_circuit_decorator.py
[2025-06-04T14:38:18.085+0000] {processor.py:753} INFO - DAG(s) dict_keys(['example_short_circuit_decorator']) retrieved from /home/airflow/.local/lib/python3.7/site-packages/airflow/example_dags/example_short_circuit_decorator.py
[2025-06-04T14:38:18.115+0000] {logging_mixin.py:137} INFO - [2025-06-04T14:38:18.115+0000] {dag.py:2690} INFO - Sync 1 DAGs
[2025-06-04T14:38:18.146+0000] {logging_mixin.py:137} INFO - [2025-06-04T14:38:18.145+0000] {dag.py:3441} INFO - Setting next_dagrun for example_short_circuit_decorator to 2025-06-03T14:38:18.145668+00:00, run_after=2025-06-04T14:38:18.145668+00:00
[2025-06-04T14:38:18.180+0000] {processor.py:175} INFO - Processing /home/airflow/.local/lib/python3.7/site-packages/airflow/example_dags/example_short_circuit_decorator.py took 0.135 seconds
