[2025-06-04T14:37:06.746+0000] {processor.py:153} INFO - Started process (PID=65) to work on /home/airflow/.local/lib/python3.7/site-packages/airflow/example_dags/example_short_circuit_operator.py
[2025-06-04T14:37:06.748+0000] {processor.py:743} INFO - Processing file /home/airflow/.local/lib/python3.7/site-packages/airflow/example_dags/example_short_circuit_operator.py for tasks to queue
[2025-06-04T14:37:06.749+0000] {logging_mixin.py:137} INFO - [2025-06-04T14:37:06.749+0000] {dagbag.py:538} INFO - Filling up the DagBag from /home/airflow/.local/lib/python3.7/site-packages/airflow/example_dags/example_short_circuit_operator.py
[2025-06-04T14:37:06.795+0000] {processor.py:753} INFO - DAG(s) dict_keys(['example_short_circuit_operator']) retrieved from /home/airflow/.local/lib/python3.7/site-packages/airflow/example_dags/example_short_circuit_operator.py
[2025-06-04T14:37:07.132+0000] {logging_mixin.py:137} INFO - [2025-06-04T14:37:07.132+0000] {manager.py:504} INFO - Created Permission View: can delete on DAG:example_short_circuit_operator
[2025-06-04T14:37:07.160+0000] {logging_mixin.py:137} INFO - [2025-06-04T14:37:07.159+0000] {manager.py:504} INFO - Created Permission View: can read on DAG:example_short_circuit_operator
[2025-06-04T14:37:07.181+0000] {logging_mixin.py:137} INFO - [2025-06-04T14:37:07.181+0000] {manager.py:504} INFO - Created Permission View: can edit on DAG:example_short_circuit_operator
[2025-06-04T14:37:07.181+0000] {logging_mixin.py:137} INFO - [2025-06-04T14:37:07.181+0000] {dag.py:2690} INFO - Sync 1 DAGs
[2025-06-04T14:37:07.232+0000] {logging_mixin.py:137} INFO - [2025-06-04T14:37:07.232+0000] {dag.py:2711} INFO - Creating ORM DAG for example_short_circuit_operator
[2025-06-04T14:37:07.275+0000] {logging_mixin.py:137} INFO - [2025-06-04T14:37:07.275+0000] {dag.py:3441} INFO - Setting next_dagrun for example_short_circuit_operator to 2025-06-03T14:37:07.273762+00:00, run_after=2025-06-04T14:37:07.273762+00:00
[2025-06-04T14:37:07.356+0000] {processor.py:175} INFO - Processing /home/airflow/.local/lib/python3.7/site-packages/airflow/example_dags/example_short_circuit_operator.py took 0.653 seconds
[2025-06-04T14:37:38.279+0000] {processor.py:153} INFO - Started process (PID=137) to work on /home/airflow/.local/lib/python3.7/site-packages/airflow/example_dags/example_short_circuit_operator.py
[2025-06-04T14:37:38.281+0000] {processor.py:743} INFO - Processing file /home/airflow/.local/lib/python3.7/site-packages/airflow/example_dags/example_short_circuit_operator.py for tasks to queue
[2025-06-04T14:37:38.283+0000] {logging_mixin.py:137} INFO - [2025-06-04T14:37:38.282+0000] {dagbag.py:538} INFO - Filling up the DagBag from /home/airflow/.local/lib/python3.7/site-packages/airflow/example_dags/example_short_circuit_operator.py
[2025-06-04T14:37:38.350+0000] {processor.py:753} INFO - DAG(s) dict_keys(['example_short_circuit_operator']) retrieved from /home/airflow/.local/lib/python3.7/site-packages/airflow/example_dags/example_short_circuit_operator.py
[2025-06-04T14:37:38.408+0000] {logging_mixin.py:137} INFO - [2025-06-04T14:37:38.408+0000] {dag.py:2690} INFO - Sync 1 DAGs
[2025-06-04T14:37:38.460+0000] {logging_mixin.py:137} INFO - [2025-06-04T14:37:38.460+0000] {dag.py:3441} INFO - Setting next_dagrun for example_short_circuit_operator to 2025-06-03T14:37:38.459804+00:00, run_after=2025-06-04T14:37:38.459804+00:00
[2025-06-04T14:37:38.527+0000] {processor.py:175} INFO - Processing /home/airflow/.local/lib/python3.7/site-packages/airflow/example_dags/example_short_circuit_operator.py took 0.255 seconds
[2025-06-04T14:38:08.730+0000] {processor.py:153} INFO - Started process (PID=209) to work on /home/airflow/.local/lib/python3.7/site-packages/airflow/example_dags/example_short_circuit_operator.py
[2025-06-04T14:38:08.731+0000] {processor.py:743} INFO - Processing file /home/airflow/.local/lib/python3.7/site-packages/airflow/example_dags/example_short_circuit_operator.py for tasks to queue
[2025-06-04T14:38:08.732+0000] {logging_mixin.py:137} INFO - [2025-06-04T14:38:08.732+0000] {dagbag.py:538} INFO - Filling up the DagBag from /home/airflow/.local/lib/python3.7/site-packages/airflow/example_dags/example_short_circuit_operator.py
[2025-06-04T14:38:08.750+0000] {processor.py:753} INFO - DAG(s) dict_keys(['example_short_circuit_operator']) retrieved from /home/airflow/.local/lib/python3.7/site-packages/airflow/example_dags/example_short_circuit_operator.py
[2025-06-04T14:38:08.782+0000] {logging_mixin.py:137} INFO - [2025-06-04T14:38:08.782+0000] {dag.py:2690} INFO - Sync 1 DAGs
[2025-06-04T14:38:08.818+0000] {logging_mixin.py:137} INFO - [2025-06-04T14:38:08.818+0000] {dag.py:3441} INFO - Setting next_dagrun for example_short_circuit_operator to 2025-06-03T14:38:08.818180+00:00, run_after=2025-06-04T14:38:08.818180+00:00
[2025-06-04T14:38:08.846+0000] {processor.py:175} INFO - Processing /home/airflow/.local/lib/python3.7/site-packages/airflow/example_dags/example_short_circuit_operator.py took 0.119 seconds
