[2025-06-04T14:37:24.885+0000] {processor.py:153} INFO - Started process (PID=104) to work on /home/airflow/.local/lib/python3.7/site-packages/airflow/example_dags/example_external_task_marker_dag.py
[2025-06-04T14:37:24.887+0000] {processor.py:743} INFO - Processing file /home/airflow/.local/lib/python3.7/site-packages/airflow/example_dags/example_external_task_marker_dag.py for tasks to queue
[2025-06-04T14:37:24.889+0000] {logging_mixin.py:137} INFO - [2025-06-04T14:37:24.888+0000] {dagbag.py:538} INFO - Filling up the DagBag from /home/airflow/.local/lib/python3.7/site-packages/airflow/example_dags/example_external_task_marker_dag.py
[2025-06-04T14:37:24.927+0000] {processor.py:753} INFO - DAG(s) dict_keys(['example_external_task_marker_parent', 'example_external_task_marker_child']) retrieved from /home/airflow/.local/lib/python3.7/site-packages/airflow/example_dags/example_external_task_marker_dag.py
[2025-06-04T14:37:25.245+0000] {logging_mixin.py:137} INFO - [2025-06-04T14:37:25.245+0000] {manager.py:504} INFO - Created Permission View: can delete on DAG:example_external_task_marker_parent
[2025-06-04T14:37:25.323+0000] {logging_mixin.py:137} INFO - [2025-06-04T14:37:25.322+0000] {manager.py:504} INFO - Created Permission View: can read on DAG:example_external_task_marker_parent
[2025-06-04T14:37:25.396+0000] {logging_mixin.py:137} INFO - [2025-06-04T14:37:25.396+0000] {manager.py:504} INFO - Created Permission View: can edit on DAG:example_external_task_marker_parent
[2025-06-04T14:37:25.463+0000] {logging_mixin.py:137} INFO - [2025-06-04T14:37:25.463+0000] {manager.py:504} INFO - Created Permission View: can delete on DAG:example_external_task_marker_child
[2025-06-04T14:37:25.488+0000] {logging_mixin.py:137} INFO - [2025-06-04T14:37:25.487+0000] {manager.py:504} INFO - Created Permission View: can read on DAG:example_external_task_marker_child
[2025-06-04T14:37:25.509+0000] {logging_mixin.py:137} INFO - [2025-06-04T14:37:25.509+0000] {manager.py:504} INFO - Created Permission View: can edit on DAG:example_external_task_marker_child
[2025-06-04T14:37:25.510+0000] {logging_mixin.py:137} INFO - [2025-06-04T14:37:25.510+0000] {dag.py:2690} INFO - Sync 2 DAGs
[2025-06-04T14:37:25.537+0000] {logging_mixin.py:137} INFO - [2025-06-04T14:37:25.537+0000] {dag.py:2711} INFO - Creating ORM DAG for example_external_task_marker_child
[2025-06-04T14:37:25.540+0000] {logging_mixin.py:137} INFO - [2025-06-04T14:37:25.540+0000] {dag.py:2711} INFO - Creating ORM DAG for example_external_task_marker_parent
[2025-06-04T14:37:25.563+0000] {logging_mixin.py:137} INFO - [2025-06-04T14:37:25.563+0000] {dag.py:3441} INFO - Setting next_dagrun for example_external_task_marker_child to None, run_after=None
[2025-06-04T14:37:25.565+0000] {logging_mixin.py:137} INFO - [2025-06-04T14:37:25.565+0000] {dag.py:3441} INFO - Setting next_dagrun for example_external_task_marker_parent to None, run_after=None
[2025-06-04T14:37:25.615+0000] {processor.py:175} INFO - Processing /home/airflow/.local/lib/python3.7/site-packages/airflow/example_dags/example_external_task_marker_dag.py took 0.735 seconds
[2025-06-04T14:37:56.078+0000] {processor.py:153} INFO - Started process (PID=176) to work on /home/airflow/.local/lib/python3.7/site-packages/airflow/example_dags/example_external_task_marker_dag.py
[2025-06-04T14:37:56.079+0000] {processor.py:743} INFO - Processing file /home/airflow/.local/lib/python3.7/site-packages/airflow/example_dags/example_external_task_marker_dag.py for tasks to queue
[2025-06-04T14:37:56.080+0000] {logging_mixin.py:137} INFO - [2025-06-04T14:37:56.080+0000] {dagbag.py:538} INFO - Filling up the DagBag from /home/airflow/.local/lib/python3.7/site-packages/airflow/example_dags/example_external_task_marker_dag.py
[2025-06-04T14:37:56.095+0000] {processor.py:753} INFO - DAG(s) dict_keys(['example_external_task_marker_child', 'example_external_task_marker_parent']) retrieved from /home/airflow/.local/lib/python3.7/site-packages/airflow/example_dags/example_external_task_marker_dag.py
[2025-06-04T14:37:56.127+0000] {logging_mixin.py:137} INFO - [2025-06-04T14:37:56.127+0000] {dag.py:2690} INFO - Sync 2 DAGs
[2025-06-04T14:37:56.167+0000] {logging_mixin.py:137} INFO - [2025-06-04T14:37:56.167+0000] {dag.py:3441} INFO - Setting next_dagrun for example_external_task_marker_child to None, run_after=None
[2025-06-04T14:37:56.173+0000] {logging_mixin.py:137} INFO - [2025-06-04T14:37:56.172+0000] {dag.py:3441} INFO - Setting next_dagrun for example_external_task_marker_parent to None, run_after=None
[2025-06-04T14:37:56.216+0000] {processor.py:175} INFO - Processing /home/airflow/.local/lib/python3.7/site-packages/airflow/example_dags/example_external_task_marker_dag.py took 0.141 seconds
[2025-06-04T14:38:26.698+0000] {processor.py:153} INFO - Started process (PID=248) to work on /home/airflow/.local/lib/python3.7/site-packages/airflow/example_dags/example_external_task_marker_dag.py
[2025-06-04T14:38:26.699+0000] {processor.py:743} INFO - Processing file /home/airflow/.local/lib/python3.7/site-packages/airflow/example_dags/example_external_task_marker_dag.py for tasks to queue
[2025-06-04T14:38:26.701+0000] {logging_mixin.py:137} INFO - [2025-06-04T14:38:26.700+0000] {dagbag.py:538} INFO - Filling up the DagBag from /home/airflow/.local/lib/python3.7/site-packages/airflow/example_dags/example_external_task_marker_dag.py
[2025-06-04T14:38:26.736+0000] {processor.py:753} INFO - DAG(s) dict_keys(['example_external_task_marker_parent', 'example_external_task_marker_child']) retrieved from /home/airflow/.local/lib/python3.7/site-packages/airflow/example_dags/example_external_task_marker_dag.py
[2025-06-04T14:38:26.832+0000] {logging_mixin.py:137} INFO - [2025-06-04T14:38:26.832+0000] {dag.py:2690} INFO - Sync 2 DAGs
[2025-06-04T14:38:26.913+0000] {logging_mixin.py:137} INFO - [2025-06-04T14:38:26.913+0000] {dag.py:3441} INFO - Setting next_dagrun for example_external_task_marker_child to None, run_after=None
[2025-06-04T14:38:26.925+0000] {logging_mixin.py:137} INFO - [2025-06-04T14:38:26.924+0000] {dag.py:3441} INFO - Setting next_dagrun for example_external_task_marker_parent to None, run_after=None
[2025-06-04T14:38:26.978+0000] {processor.py:175} INFO - Processing /home/airflow/.local/lib/python3.7/site-packages/airflow/example_dags/example_external_task_marker_dag.py took 0.289 seconds
