[2025-06-04T14:37:07.656+0000] {processor.py:153} INFO - Started process (PID=68) to work on /home/airflow/.local/lib/python3.7/site-packages/airflow/example_dags/example_trigger_controller_dag.py
[2025-06-04T14:37:07.658+0000] {processor.py:743} INFO - Processing file /home/airflow/.local/lib/python3.7/site-packages/airflow/example_dags/example_trigger_controller_dag.py for tasks to queue
[2025-06-04T14:37:07.659+0000] {logging_mixin.py:137} INFO - [2025-06-04T14:37:07.658+0000] {dagbag.py:538} INFO - Filling up the DagBag from /home/airflow/.local/lib/python3.7/site-packages/airflow/example_dags/example_trigger_controller_dag.py
[2025-06-04T14:37:07.727+0000] {processor.py:753} INFO - DAG(s) dict_keys(['example_trigger_controller_dag']) retrieved from /home/airflow/.local/lib/python3.7/site-packages/airflow/example_dags/example_trigger_controller_dag.py
[2025-06-04T14:37:08.537+0000] {logging_mixin.py:137} INFO - [2025-06-04T14:37:08.537+0000] {manager.py:504} INFO - Created Permission View: can delete on DAG:example_trigger_controller_dag
[2025-06-04T14:37:08.566+0000] {logging_mixin.py:137} INFO - [2025-06-04T14:37:08.565+0000] {manager.py:504} INFO - Created Permission View: can read on DAG:example_trigger_controller_dag
[2025-06-04T14:37:08.595+0000] {logging_mixin.py:137} INFO - [2025-06-04T14:37:08.595+0000] {manager.py:504} INFO - Created Permission View: can edit on DAG:example_trigger_controller_dag
[2025-06-04T14:37:08.597+0000] {logging_mixin.py:137} INFO - [2025-06-04T14:37:08.597+0000] {dag.py:2690} INFO - Sync 1 DAGs
[2025-06-04T14:37:08.705+0000] {logging_mixin.py:137} INFO - [2025-06-04T14:37:08.704+0000] {dag.py:2711} INFO - Creating ORM DAG for example_trigger_controller_dag
[2025-06-04T14:37:08.759+0000] {logging_mixin.py:137} INFO - [2025-06-04T14:37:08.759+0000] {dag.py:3441} INFO - Setting next_dagrun for example_trigger_controller_dag to 2021-01-01T00:00:00+00:00, run_after=2021-01-01T00:00:00+00:00
[2025-06-04T14:37:08.814+0000] {processor.py:175} INFO - Processing /home/airflow/.local/lib/python3.7/site-packages/airflow/example_dags/example_trigger_controller_dag.py took 1.164 seconds
[2025-06-04T14:37:39.416+0000] {processor.py:153} INFO - Started process (PID=140) to work on /home/airflow/.local/lib/python3.7/site-packages/airflow/example_dags/example_trigger_controller_dag.py
[2025-06-04T14:37:39.433+0000] {processor.py:743} INFO - Processing file /home/airflow/.local/lib/python3.7/site-packages/airflow/example_dags/example_trigger_controller_dag.py for tasks to queue
[2025-06-04T14:37:39.436+0000] {logging_mixin.py:137} INFO - [2025-06-04T14:37:39.436+0000] {dagbag.py:538} INFO - Filling up the DagBag from /home/airflow/.local/lib/python3.7/site-packages/airflow/example_dags/example_trigger_controller_dag.py
[2025-06-04T14:37:39.476+0000] {processor.py:753} INFO - DAG(s) dict_keys(['example_trigger_controller_dag']) retrieved from /home/airflow/.local/lib/python3.7/site-packages/airflow/example_dags/example_trigger_controller_dag.py
[2025-06-04T14:37:39.526+0000] {logging_mixin.py:137} INFO - [2025-06-04T14:37:39.526+0000] {dag.py:2690} INFO - Sync 1 DAGs
[2025-06-04T14:37:39.566+0000] {logging_mixin.py:137} INFO - [2025-06-04T14:37:39.566+0000] {dag.py:3441} INFO - Setting next_dagrun for example_trigger_controller_dag to 2021-01-01T00:00:00+00:00, run_after=2021-01-01T00:00:00+00:00
[2025-06-04T14:37:39.608+0000] {processor.py:175} INFO - Processing /home/airflow/.local/lib/python3.7/site-packages/airflow/example_dags/example_trigger_controller_dag.py took 0.200 seconds
[2025-06-04T14:38:10.082+0000] {processor.py:153} INFO - Started process (PID=212) to work on /home/airflow/.local/lib/python3.7/site-packages/airflow/example_dags/example_trigger_controller_dag.py
[2025-06-04T14:38:10.084+0000] {processor.py:743} INFO - Processing file /home/airflow/.local/lib/python3.7/site-packages/airflow/example_dags/example_trigger_controller_dag.py for tasks to queue
[2025-06-04T14:38:10.086+0000] {logging_mixin.py:137} INFO - [2025-06-04T14:38:10.085+0000] {dagbag.py:538} INFO - Filling up the DagBag from /home/airflow/.local/lib/python3.7/site-packages/airflow/example_dags/example_trigger_controller_dag.py
[2025-06-04T14:38:10.113+0000] {processor.py:753} INFO - DAG(s) dict_keys(['example_trigger_controller_dag']) retrieved from /home/airflow/.local/lib/python3.7/site-packages/airflow/example_dags/example_trigger_controller_dag.py
[2025-06-04T14:38:10.179+0000] {logging_mixin.py:137} INFO - [2025-06-04T14:38:10.178+0000] {dag.py:2690} INFO - Sync 1 DAGs
[2025-06-04T14:38:10.223+0000] {logging_mixin.py:137} INFO - [2025-06-04T14:38:10.223+0000] {dag.py:3441} INFO - Setting next_dagrun for example_trigger_controller_dag to 2021-01-01T00:00:00+00:00, run_after=2021-01-01T00:00:00+00:00
[2025-06-04T14:38:10.258+0000] {processor.py:175} INFO - Processing /home/airflow/.local/lib/python3.7/site-packages/airflow/example_dags/example_trigger_controller_dag.py took 0.187 seconds
