[2025-06-04T14:37:17.030+0000] {processor.py:153} INFO - Started process (PID=92) to work on /home/airflow/.local/lib/python3.7/site-packages/airflow/example_dags/example_task_group.py
[2025-06-04T14:37:17.039+0000] {processor.py:743} INFO - Processing file /home/airflow/.local/lib/python3.7/site-packages/airflow/example_dags/example_task_group.py for tasks to queue
[2025-06-04T14:37:17.043+0000] {logging_mixin.py:137} INFO - [2025-06-04T14:37:17.042+0000] {dagbag.py:538} INFO - Filling up the DagBag from /home/airflow/.local/lib/python3.7/site-packages/airflow/example_dags/example_task_group.py
[2025-06-04T14:37:17.218+0000] {processor.py:753} INFO - DAG(s) dict_keys(['example_task_group']) retrieved from /home/airflow/.local/lib/python3.7/site-packages/airflow/example_dags/example_task_group.py
[2025-06-04T14:37:18.362+0000] {logging_mixin.py:137} INFO - [2025-06-04T14:37:18.361+0000] {manager.py:504} INFO - Created Permission View: can delete on DAG:example_task_group
[2025-06-04T14:37:18.390+0000] {logging_mixin.py:137} INFO - [2025-06-04T14:37:18.390+0000] {manager.py:504} INFO - Created Permission View: can read on DAG:example_task_group
[2025-06-04T14:37:18.412+0000] {logging_mixin.py:137} INFO - [2025-06-04T14:37:18.411+0000] {manager.py:504} INFO - Created Permission View: can edit on DAG:example_task_group
[2025-06-04T14:37:18.413+0000] {logging_mixin.py:137} INFO - [2025-06-04T14:37:18.412+0000] {dag.py:2690} INFO - Sync 1 DAGs
[2025-06-04T14:37:18.494+0000] {logging_mixin.py:137} INFO - [2025-06-04T14:37:18.494+0000] {dag.py:2711} INFO - Creating ORM DAG for example_task_group
[2025-06-04T14:37:18.551+0000] {logging_mixin.py:137} INFO - [2025-06-04T14:37:18.551+0000] {dag.py:3441} INFO - Setting next_dagrun for example_task_group to 2025-06-03T14:37:18.545746+00:00, run_after=2025-06-04T14:37:18.545746+00:00
[2025-06-04T14:37:18.640+0000] {processor.py:175} INFO - Processing /home/airflow/.local/lib/python3.7/site-packages/airflow/example_dags/example_task_group.py took 1.649 seconds
[2025-06-04T14:37:48.809+0000] {processor.py:153} INFO - Started process (PID=163) to work on /home/airflow/.local/lib/python3.7/site-packages/airflow/example_dags/example_task_group.py
[2025-06-04T14:37:48.817+0000] {processor.py:743} INFO - Processing file /home/airflow/.local/lib/python3.7/site-packages/airflow/example_dags/example_task_group.py for tasks to queue
[2025-06-04T14:37:48.819+0000] {logging_mixin.py:137} INFO - [2025-06-04T14:37:48.818+0000] {dagbag.py:538} INFO - Filling up the DagBag from /home/airflow/.local/lib/python3.7/site-packages/airflow/example_dags/example_task_group.py
[2025-06-04T14:37:48.889+0000] {processor.py:753} INFO - DAG(s) dict_keys(['example_task_group']) retrieved from /home/airflow/.local/lib/python3.7/site-packages/airflow/example_dags/example_task_group.py
[2025-06-04T14:37:48.940+0000] {logging_mixin.py:137} INFO - [2025-06-04T14:37:48.939+0000] {dag.py:2690} INFO - Sync 1 DAGs
[2025-06-04T14:37:49.003+0000] {logging_mixin.py:137} INFO - [2025-06-04T14:37:49.003+0000] {dag.py:3441} INFO - Setting next_dagrun for example_task_group to 2025-06-03T14:37:49.002365+00:00, run_after=2025-06-04T14:37:49.002365+00:00
[2025-06-04T14:37:49.071+0000] {processor.py:175} INFO - Processing /home/airflow/.local/lib/python3.7/site-packages/airflow/example_dags/example_task_group.py took 0.272 seconds
[2025-06-04T14:38:19.220+0000] {processor.py:153} INFO - Started process (PID=235) to work on /home/airflow/.local/lib/python3.7/site-packages/airflow/example_dags/example_task_group.py
[2025-06-04T14:38:19.221+0000] {processor.py:743} INFO - Processing file /home/airflow/.local/lib/python3.7/site-packages/airflow/example_dags/example_task_group.py for tasks to queue
[2025-06-04T14:38:19.222+0000] {logging_mixin.py:137} INFO - [2025-06-04T14:38:19.222+0000] {dagbag.py:538} INFO - Filling up the DagBag from /home/airflow/.local/lib/python3.7/site-packages/airflow/example_dags/example_task_group.py
[2025-06-04T14:38:19.238+0000] {processor.py:753} INFO - DAG(s) dict_keys(['example_task_group']) retrieved from /home/airflow/.local/lib/python3.7/site-packages/airflow/example_dags/example_task_group.py
[2025-06-04T14:38:19.268+0000] {logging_mixin.py:137} INFO - [2025-06-04T14:38:19.268+0000] {dag.py:2690} INFO - Sync 1 DAGs
[2025-06-04T14:38:19.299+0000] {logging_mixin.py:137} INFO - [2025-06-04T14:38:19.299+0000] {dag.py:3441} INFO - Setting next_dagrun for example_task_group to 2025-06-03T14:38:19.299192+00:00, run_after=2025-06-04T14:38:19.299192+00:00
[2025-06-04T14:38:19.327+0000] {processor.py:175} INFO - Processing /home/airflow/.local/lib/python3.7/site-packages/airflow/example_dags/example_task_group.py took 0.111 seconds
