[2025-06-04T14:37:24.193+0000] {processor.py:153} INFO - Started process (PID=103) to work on /home/airflow/.local/lib/python3.7/site-packages/airflow/example_dags/example_complex.py
[2025-06-04T14:37:24.195+0000] {processor.py:743} INFO - Processing file /home/airflow/.local/lib/python3.7/site-packages/airflow/example_dags/example_complex.py for tasks to queue
[2025-06-04T14:37:24.196+0000] {logging_mixin.py:137} INFO - [2025-06-04T14:37:24.196+0000] {dagbag.py:538} INFO - Filling up the DagBag from /home/airflow/.local/lib/python3.7/site-packages/airflow/example_dags/example_complex.py
[2025-06-04T14:37:24.223+0000] {logging_mixin.py:137} INFO - [2025-06-04T14:37:24.222+0000] {taskmixin.py:205} WARNING - Dependency <Task(BashOperator): create_entry_group>, delete_entry_group already registered for DAG: example_complex
[2025-06-04T14:37:24.224+0000] {logging_mixin.py:137} INFO - [2025-06-04T14:37:24.224+0000] {taskmixin.py:205} WARNING - Dependency <Task(BashOperator): delete_entry_group>, create_entry_group already registered for DAG: example_complex
[2025-06-04T14:37:24.225+0000] {logging_mixin.py:137} INFO - [2025-06-04T14:37:24.225+0000] {taskmixin.py:205} WARNING - Dependency <Task(BashOperator): create_entry_gcs>, delete_entry already registered for DAG: example_complex
[2025-06-04T14:37:24.226+0000] {logging_mixin.py:137} INFO - [2025-06-04T14:37:24.226+0000] {taskmixin.py:205} WARNING - Dependency <Task(BashOperator): delete_entry>, create_entry_gcs already registered for DAG: example_complex
[2025-06-04T14:37:24.228+0000] {logging_mixin.py:137} INFO - [2025-06-04T14:37:24.228+0000] {taskmixin.py:205} WARNING - Dependency <Task(BashOperator): create_tag>, delete_tag already registered for DAG: example_complex
[2025-06-04T14:37:24.230+0000] {logging_mixin.py:137} INFO - [2025-06-04T14:37:24.229+0000] {taskmixin.py:205} WARNING - Dependency <Task(BashOperator): delete_tag>, create_tag already registered for DAG: example_complex
[2025-06-04T14:37:24.245+0000] {processor.py:753} INFO - DAG(s) dict_keys(['example_complex']) retrieved from /home/airflow/.local/lib/python3.7/site-packages/airflow/example_dags/example_complex.py
[2025-06-04T14:37:24.766+0000] {logging_mixin.py:137} INFO - [2025-06-04T14:37:24.765+0000] {manager.py:504} INFO - Created Permission View: can delete on DAG:example_complex
[2025-06-04T14:37:24.811+0000] {logging_mixin.py:137} INFO - [2025-06-04T14:37:24.811+0000] {manager.py:504} INFO - Created Permission View: can read on DAG:example_complex
[2025-06-04T14:37:24.826+0000] {logging_mixin.py:137} INFO - [2025-06-04T14:37:24.826+0000] {manager.py:504} INFO - Created Permission View: can edit on DAG:example_complex
[2025-06-04T14:37:24.827+0000] {logging_mixin.py:137} INFO - [2025-06-04T14:37:24.826+0000] {dag.py:2690} INFO - Sync 1 DAGs
[2025-06-04T14:37:24.861+0000] {logging_mixin.py:137} INFO - [2025-06-04T14:37:24.861+0000] {dag.py:2711} INFO - Creating ORM DAG for example_complex
[2025-06-04T14:37:24.894+0000] {logging_mixin.py:137} INFO - [2025-06-04T14:37:24.894+0000] {dag.py:3441} INFO - Setting next_dagrun for example_complex to None, run_after=None
[2025-06-04T14:37:24.947+0000] {processor.py:175} INFO - Processing /home/airflow/.local/lib/python3.7/site-packages/airflow/example_dags/example_complex.py took 0.759 seconds
[2025-06-04T14:37:55.064+0000] {processor.py:153} INFO - Started process (PID=175) to work on /home/airflow/.local/lib/python3.7/site-packages/airflow/example_dags/example_complex.py
[2025-06-04T14:37:55.065+0000] {processor.py:743} INFO - Processing file /home/airflow/.local/lib/python3.7/site-packages/airflow/example_dags/example_complex.py for tasks to queue
[2025-06-04T14:37:55.067+0000] {logging_mixin.py:137} INFO - [2025-06-04T14:37:55.066+0000] {dagbag.py:538} INFO - Filling up the DagBag from /home/airflow/.local/lib/python3.7/site-packages/airflow/example_dags/example_complex.py
[2025-06-04T14:37:55.087+0000] {logging_mixin.py:137} INFO - [2025-06-04T14:37:55.087+0000] {taskmixin.py:205} WARNING - Dependency <Task(BashOperator): create_entry_group>, delete_entry_group already registered for DAG: example_complex
[2025-06-04T14:37:55.088+0000] {logging_mixin.py:137} INFO - [2025-06-04T14:37:55.088+0000] {taskmixin.py:205} WARNING - Dependency <Task(BashOperator): delete_entry_group>, create_entry_group already registered for DAG: example_complex
[2025-06-04T14:37:55.088+0000] {logging_mixin.py:137} INFO - [2025-06-04T14:37:55.088+0000] {taskmixin.py:205} WARNING - Dependency <Task(BashOperator): create_entry_gcs>, delete_entry already registered for DAG: example_complex
[2025-06-04T14:37:55.089+0000] {logging_mixin.py:137} INFO - [2025-06-04T14:37:55.089+0000] {taskmixin.py:205} WARNING - Dependency <Task(BashOperator): delete_entry>, create_entry_gcs already registered for DAG: example_complex
[2025-06-04T14:37:55.090+0000] {logging_mixin.py:137} INFO - [2025-06-04T14:37:55.090+0000] {taskmixin.py:205} WARNING - Dependency <Task(BashOperator): create_tag>, delete_tag already registered for DAG: example_complex
[2025-06-04T14:37:55.091+0000] {logging_mixin.py:137} INFO - [2025-06-04T14:37:55.090+0000] {taskmixin.py:205} WARNING - Dependency <Task(BashOperator): delete_tag>, create_tag already registered for DAG: example_complex
[2025-06-04T14:37:55.107+0000] {processor.py:753} INFO - DAG(s) dict_keys(['example_complex']) retrieved from /home/airflow/.local/lib/python3.7/site-packages/airflow/example_dags/example_complex.py
[2025-06-04T14:37:55.217+0000] {logging_mixin.py:137} INFO - [2025-06-04T14:37:55.216+0000] {dag.py:2690} INFO - Sync 1 DAGs
[2025-06-04T14:37:55.277+0000] {logging_mixin.py:137} INFO - [2025-06-04T14:37:55.277+0000] {dag.py:3441} INFO - Setting next_dagrun for example_complex to None, run_after=None
[2025-06-04T14:37:55.312+0000] {processor.py:175} INFO - Processing /home/airflow/.local/lib/python3.7/site-packages/airflow/example_dags/example_complex.py took 0.253 seconds
[2025-06-04T14:38:25.619+0000] {processor.py:153} INFO - Started process (PID=247) to work on /home/airflow/.local/lib/python3.7/site-packages/airflow/example_dags/example_complex.py
[2025-06-04T14:38:25.621+0000] {processor.py:743} INFO - Processing file /home/airflow/.local/lib/python3.7/site-packages/airflow/example_dags/example_complex.py for tasks to queue
[2025-06-04T14:38:25.623+0000] {logging_mixin.py:137} INFO - [2025-06-04T14:38:25.622+0000] {dagbag.py:538} INFO - Filling up the DagBag from /home/airflow/.local/lib/python3.7/site-packages/airflow/example_dags/example_complex.py
[2025-06-04T14:38:25.642+0000] {logging_mixin.py:137} INFO - [2025-06-04T14:38:25.642+0000] {taskmixin.py:205} WARNING - Dependency <Task(BashOperator): create_entry_group>, delete_entry_group already registered for DAG: example_complex
[2025-06-04T14:38:25.643+0000] {logging_mixin.py:137} INFO - [2025-06-04T14:38:25.643+0000] {taskmixin.py:205} WARNING - Dependency <Task(BashOperator): delete_entry_group>, create_entry_group already registered for DAG: example_complex
[2025-06-04T14:38:25.643+0000] {logging_mixin.py:137} INFO - [2025-06-04T14:38:25.643+0000] {taskmixin.py:205} WARNING - Dependency <Task(BashOperator): create_entry_gcs>, delete_entry already registered for DAG: example_complex
[2025-06-04T14:38:25.644+0000] {logging_mixin.py:137} INFO - [2025-06-04T14:38:25.644+0000] {taskmixin.py:205} WARNING - Dependency <Task(BashOperator): delete_entry>, create_entry_gcs already registered for DAG: example_complex
[2025-06-04T14:38:25.645+0000] {logging_mixin.py:137} INFO - [2025-06-04T14:38:25.644+0000] {taskmixin.py:205} WARNING - Dependency <Task(BashOperator): create_tag>, delete_tag already registered for DAG: example_complex
[2025-06-04T14:38:25.645+0000] {logging_mixin.py:137} INFO - [2025-06-04T14:38:25.645+0000] {taskmixin.py:205} WARNING - Dependency <Task(BashOperator): delete_tag>, create_tag already registered for DAG: example_complex
[2025-06-04T14:38:25.652+0000] {processor.py:753} INFO - DAG(s) dict_keys(['example_complex']) retrieved from /home/airflow/.local/lib/python3.7/site-packages/airflow/example_dags/example_complex.py
[2025-06-04T14:38:25.685+0000] {logging_mixin.py:137} INFO - [2025-06-04T14:38:25.685+0000] {dag.py:2690} INFO - Sync 1 DAGs
[2025-06-04T14:38:25.713+0000] {logging_mixin.py:137} INFO - [2025-06-04T14:38:25.713+0000] {dag.py:3441} INFO - Setting next_dagrun for example_complex to None, run_after=None
[2025-06-04T14:38:25.737+0000] {processor.py:175} INFO - Processing /home/airflow/.local/lib/python3.7/site-packages/airflow/example_dags/example_complex.py took 0.122 seconds
