[2025-06-04T14:37:23.015+0000] {processor.py:153} INFO - Started process (PID=100) to work on /home/airflow/.local/lib/python3.7/site-packages/airflow/example_dags/example_branch_day_of_week_operator.py
[2025-06-04T14:37:23.017+0000] {processor.py:743} INFO - Processing file /home/airflow/.local/lib/python3.7/site-packages/airflow/example_dags/example_branch_day_of_week_operator.py for tasks to queue
[2025-06-04T14:37:23.019+0000] {logging_mixin.py:137} INFO - [2025-06-04T14:37:23.019+0000] {dagbag.py:538} INFO - Filling up the DagBag from /home/airflow/.local/lib/python3.7/site-packages/airflow/example_dags/example_branch_day_of_week_operator.py
[2025-06-04T14:37:23.064+0000] {processor.py:753} INFO - DAG(s) dict_keys(['example_weekday_branch_operator']) retrieved from /home/airflow/.local/lib/python3.7/site-packages/airflow/example_dags/example_branch_day_of_week_operator.py
[2025-06-04T14:37:23.331+0000] {logging_mixin.py:137} INFO - [2025-06-04T14:37:23.330+0000] {manager.py:504} INFO - Created Permission View: can delete on DAG:example_weekday_branch_operator
[2025-06-04T14:37:23.354+0000] {logging_mixin.py:137} INFO - [2025-06-04T14:37:23.353+0000] {manager.py:504} INFO - Created Permission View: can read on DAG:example_weekday_branch_operator
[2025-06-04T14:37:23.376+0000] {logging_mixin.py:137} INFO - [2025-06-04T14:37:23.375+0000] {manager.py:504} INFO - Created Permission View: can edit on DAG:example_weekday_branch_operator
[2025-06-04T14:37:23.378+0000] {logging_mixin.py:137} INFO - [2025-06-04T14:37:23.377+0000] {dag.py:2690} INFO - Sync 1 DAGs
[2025-06-04T14:37:23.415+0000] {logging_mixin.py:137} INFO - [2025-06-04T14:37:23.415+0000] {dag.py:2711} INFO - Creating ORM DAG for example_weekday_branch_operator
[2025-06-04T14:37:23.437+0000] {logging_mixin.py:137} INFO - [2025-06-04T14:37:23.436+0000] {dag.py:3441} INFO - Setting next_dagrun for example_weekday_branch_operator to 2025-06-03T00:00:00+00:00, run_after=2025-06-04T00:00:00+00:00
[2025-06-04T14:37:23.494+0000] {processor.py:175} INFO - Processing /home/airflow/.local/lib/python3.7/site-packages/airflow/example_dags/example_branch_day_of_week_operator.py took 0.490 seconds
[2025-06-04T14:37:53.680+0000] {processor.py:153} INFO - Started process (PID=172) to work on /home/airflow/.local/lib/python3.7/site-packages/airflow/example_dags/example_branch_day_of_week_operator.py
[2025-06-04T14:37:53.681+0000] {processor.py:743} INFO - Processing file /home/airflow/.local/lib/python3.7/site-packages/airflow/example_dags/example_branch_day_of_week_operator.py for tasks to queue
[2025-06-04T14:37:53.682+0000] {logging_mixin.py:137} INFO - [2025-06-04T14:37:53.682+0000] {dagbag.py:538} INFO - Filling up the DagBag from /home/airflow/.local/lib/python3.7/site-packages/airflow/example_dags/example_branch_day_of_week_operator.py
[2025-06-04T14:37:53.698+0000] {processor.py:753} INFO - DAG(s) dict_keys(['example_weekday_branch_operator']) retrieved from /home/airflow/.local/lib/python3.7/site-packages/airflow/example_dags/example_branch_day_of_week_operator.py
[2025-06-04T14:37:53.726+0000] {logging_mixin.py:137} INFO - [2025-06-04T14:37:53.726+0000] {dag.py:2690} INFO - Sync 1 DAGs
[2025-06-04T14:37:53.761+0000] {logging_mixin.py:137} INFO - [2025-06-04T14:37:53.761+0000] {dag.py:3441} INFO - Setting next_dagrun for example_weekday_branch_operator to 2025-06-03T00:00:00+00:00, run_after=2025-06-04T00:00:00+00:00
[2025-06-04T14:37:53.787+0000] {processor.py:175} INFO - Processing /home/airflow/.local/lib/python3.7/site-packages/airflow/example_dags/example_branch_day_of_week_operator.py took 0.111 seconds
[2025-06-04T14:38:24.203+0000] {processor.py:153} INFO - Started process (PID=244) to work on /home/airflow/.local/lib/python3.7/site-packages/airflow/example_dags/example_branch_day_of_week_operator.py
[2025-06-04T14:38:24.204+0000] {processor.py:743} INFO - Processing file /home/airflow/.local/lib/python3.7/site-packages/airflow/example_dags/example_branch_day_of_week_operator.py for tasks to queue
[2025-06-04T14:38:24.205+0000] {logging_mixin.py:137} INFO - [2025-06-04T14:38:24.205+0000] {dagbag.py:538} INFO - Filling up the DagBag from /home/airflow/.local/lib/python3.7/site-packages/airflow/example_dags/example_branch_day_of_week_operator.py
[2025-06-04T14:38:24.231+0000] {processor.py:753} INFO - DAG(s) dict_keys(['example_weekday_branch_operator']) retrieved from /home/airflow/.local/lib/python3.7/site-packages/airflow/example_dags/example_branch_day_of_week_operator.py
[2025-06-04T14:38:24.276+0000] {logging_mixin.py:137} INFO - [2025-06-04T14:38:24.276+0000] {dag.py:2690} INFO - Sync 1 DAGs
[2025-06-04T14:38:24.325+0000] {logging_mixin.py:137} INFO - [2025-06-04T14:38:24.325+0000] {dag.py:3441} INFO - Setting next_dagrun for example_weekday_branch_operator to 2025-06-03T00:00:00+00:00, run_after=2025-06-04T00:00:00+00:00
[2025-06-04T14:38:24.366+0000] {processor.py:175} INFO - Processing /home/airflow/.local/lib/python3.7/site-packages/airflow/example_dags/example_branch_day_of_week_operator.py took 0.166 seconds
