[2025-06-04T14:37:06.811+0000] {processor.py:153} INFO - Started process (PID=66) to work on /home/airflow/.local/lib/python3.7/site-packages/airflow/example_dags/tutorial_taskflow_api_virtualenv.py
[2025-06-04T14:37:06.812+0000] {processor.py:743} INFO - Processing file /home/airflow/.local/lib/python3.7/site-packages/airflow/example_dags/tutorial_taskflow_api_virtualenv.py for tasks to queue
[2025-06-04T14:37:06.814+0000] {logging_mixin.py:137} INFO - [2025-06-04T14:37:06.813+0000] {dagbag.py:538} INFO - Filling up the DagBag from /home/airflow/.local/lib/python3.7/site-packages/airflow/example_dags/tutorial_taskflow_api_virtualenv.py
[2025-06-04T14:37:06.848+0000] {processor.py:753} INFO - DAG(s) dict_keys(['tutorial_taskflow_api_virtualenv']) retrieved from /home/airflow/.local/lib/python3.7/site-packages/airflow/example_dags/tutorial_taskflow_api_virtualenv.py
[2025-06-04T14:37:07.403+0000] {logging_mixin.py:137} INFO - [2025-06-04T14:37:07.402+0000] {manager.py:504} INFO - Created Permission View: can delete on DAG:tutorial_taskflow_api_virtualenv
[2025-06-04T14:37:07.428+0000] {logging_mixin.py:137} INFO - [2025-06-04T14:37:07.428+0000] {manager.py:504} INFO - Created Permission View: can read on DAG:tutorial_taskflow_api_virtualenv
[2025-06-04T14:37:07.457+0000] {logging_mixin.py:137} INFO - [2025-06-04T14:37:07.457+0000] {manager.py:504} INFO - Created Permission View: can edit on DAG:tutorial_taskflow_api_virtualenv
[2025-06-04T14:37:07.458+0000] {logging_mixin.py:137} INFO - [2025-06-04T14:37:07.458+0000] {dag.py:2690} INFO - Sync 1 DAGs
[2025-06-04T14:37:07.493+0000] {logging_mixin.py:137} INFO - [2025-06-04T14:37:07.492+0000] {dag.py:2711} INFO - Creating ORM DAG for tutorial_taskflow_api_virtualenv
[2025-06-04T14:37:07.525+0000] {logging_mixin.py:137} INFO - [2025-06-04T14:37:07.524+0000] {dag.py:3441} INFO - Setting next_dagrun for tutorial_taskflow_api_virtualenv to None, run_after=None
[2025-06-04T14:37:07.593+0000] {processor.py:175} INFO - Processing /home/airflow/.local/lib/python3.7/site-packages/airflow/example_dags/tutorial_taskflow_api_virtualenv.py took 0.789 seconds
[2025-06-04T14:37:38.305+0000] {processor.py:153} INFO - Started process (PID=138) to work on /home/airflow/.local/lib/python3.7/site-packages/airflow/example_dags/tutorial_taskflow_api_virtualenv.py
[2025-06-04T14:37:38.308+0000] {processor.py:743} INFO - Processing file /home/airflow/.local/lib/python3.7/site-packages/airflow/example_dags/tutorial_taskflow_api_virtualenv.py for tasks to queue
[2025-06-04T14:37:38.312+0000] {logging_mixin.py:137} INFO - [2025-06-04T14:37:38.312+0000] {dagbag.py:538} INFO - Filling up the DagBag from /home/airflow/.local/lib/python3.7/site-packages/airflow/example_dags/tutorial_taskflow_api_virtualenv.py
[2025-06-04T14:37:38.384+0000] {processor.py:753} INFO - DAG(s) dict_keys(['tutorial_taskflow_api_virtualenv']) retrieved from /home/airflow/.local/lib/python3.7/site-packages/airflow/example_dags/tutorial_taskflow_api_virtualenv.py
[2025-06-04T14:37:38.433+0000] {logging_mixin.py:137} INFO - [2025-06-04T14:37:38.433+0000] {dag.py:2690} INFO - Sync 1 DAGs
[2025-06-04T14:37:38.471+0000] {logging_mixin.py:137} INFO - [2025-06-04T14:37:38.470+0000] {dag.py:3441} INFO - Setting next_dagrun for tutorial_taskflow_api_virtualenv to None, run_after=None
[2025-06-04T14:37:39.361+0000] {processor.py:175} INFO - Processing /home/airflow/.local/lib/python3.7/site-packages/airflow/example_dags/tutorial_taskflow_api_virtualenv.py took 1.061 seconds
[2025-06-04T14:38:09.839+0000] {processor.py:153} INFO - Started process (PID=210) to work on /home/airflow/.local/lib/python3.7/site-packages/airflow/example_dags/tutorial_taskflow_api_virtualenv.py
[2025-06-04T14:38:09.840+0000] {processor.py:743} INFO - Processing file /home/airflow/.local/lib/python3.7/site-packages/airflow/example_dags/tutorial_taskflow_api_virtualenv.py for tasks to queue
[2025-06-04T14:38:09.842+0000] {logging_mixin.py:137} INFO - [2025-06-04T14:38:09.842+0000] {dagbag.py:538} INFO - Filling up the DagBag from /home/airflow/.local/lib/python3.7/site-packages/airflow/example_dags/tutorial_taskflow_api_virtualenv.py
[2025-06-04T14:38:09.889+0000] {processor.py:753} INFO - DAG(s) dict_keys(['tutorial_taskflow_api_virtualenv']) retrieved from /home/airflow/.local/lib/python3.7/site-packages/airflow/example_dags/tutorial_taskflow_api_virtualenv.py
[2025-06-04T14:38:09.938+0000] {logging_mixin.py:137} INFO - [2025-06-04T14:38:09.938+0000] {dag.py:2690} INFO - Sync 1 DAGs
[2025-06-04T14:38:09.986+0000] {logging_mixin.py:137} INFO - [2025-06-04T14:38:09.986+0000] {dag.py:3441} INFO - Setting next_dagrun for tutorial_taskflow_api_virtualenv to None, run_after=None
[2025-06-04T14:38:10.028+0000] {processor.py:175} INFO - Processing /home/airflow/.local/lib/python3.7/site-packages/airflow/example_dags/tutorial_taskflow_api_virtualenv.py took 0.194 seconds
