[2025-06-04T14:37:22.691+0000] {processor.py:153} INFO - Started process (PID=99) to work on /home/airflow/.local/lib/python3.7/site-packages/airflow/example_dags/tutorial_taskflow_api.py
[2025-06-04T14:37:22.694+0000] {processor.py:743} INFO - Processing file /home/airflow/.local/lib/python3.7/site-packages/airflow/example_dags/tutorial_taskflow_api.py for tasks to queue
[2025-06-04T14:37:22.695+0000] {logging_mixin.py:137} INFO - [2025-06-04T14:37:22.695+0000] {dagbag.py:538} INFO - Filling up the DagBag from /home/airflow/.local/lib/python3.7/site-packages/airflow/example_dags/tutorial_taskflow_api.py
[2025-06-04T14:37:22.739+0000] {processor.py:753} INFO - DAG(s) dict_keys(['tutorial_taskflow_api']) retrieved from /home/airflow/.local/lib/python3.7/site-packages/airflow/example_dags/tutorial_taskflow_api.py
[2025-06-04T14:37:23.106+0000] {logging_mixin.py:137} INFO - [2025-06-04T14:37:23.106+0000] {manager.py:504} INFO - Created Permission View: can delete on DAG:tutorial_taskflow_api
[2025-06-04T14:37:23.130+0000] {logging_mixin.py:137} INFO - [2025-06-04T14:37:23.130+0000] {manager.py:504} INFO - Created Permission View: can read on DAG:tutorial_taskflow_api
[2025-06-04T14:37:23.150+0000] {logging_mixin.py:137} INFO - [2025-06-04T14:37:23.150+0000] {manager.py:504} INFO - Created Permission View: can edit on DAG:tutorial_taskflow_api
[2025-06-04T14:37:23.151+0000] {logging_mixin.py:137} INFO - [2025-06-04T14:37:23.151+0000] {dag.py:2690} INFO - Sync 1 DAGs
[2025-06-04T14:37:23.181+0000] {logging_mixin.py:137} INFO - [2025-06-04T14:37:23.181+0000] {dag.py:2711} INFO - Creating ORM DAG for tutorial_taskflow_api
[2025-06-04T14:37:23.215+0000] {logging_mixin.py:137} INFO - [2025-06-04T14:37:23.214+0000] {dag.py:3441} INFO - Setting next_dagrun for tutorial_taskflow_api to None, run_after=None
[2025-06-04T14:37:23.265+0000] {processor.py:175} INFO - Processing /home/airflow/.local/lib/python3.7/site-packages/airflow/example_dags/tutorial_taskflow_api.py took 0.580 seconds
[2025-06-04T14:37:53.455+0000] {processor.py:153} INFO - Started process (PID=171) to work on /home/airflow/.local/lib/python3.7/site-packages/airflow/example_dags/tutorial_taskflow_api.py
[2025-06-04T14:37:53.472+0000] {processor.py:743} INFO - Processing file /home/airflow/.local/lib/python3.7/site-packages/airflow/example_dags/tutorial_taskflow_api.py for tasks to queue
[2025-06-04T14:37:53.473+0000] {logging_mixin.py:137} INFO - [2025-06-04T14:37:53.473+0000] {dagbag.py:538} INFO - Filling up the DagBag from /home/airflow/.local/lib/python3.7/site-packages/airflow/example_dags/tutorial_taskflow_api.py
[2025-06-04T14:37:53.511+0000] {processor.py:753} INFO - DAG(s) dict_keys(['tutorial_taskflow_api']) retrieved from /home/airflow/.local/lib/python3.7/site-packages/airflow/example_dags/tutorial_taskflow_api.py
[2025-06-04T14:37:53.568+0000] {logging_mixin.py:137} INFO - [2025-06-04T14:37:53.568+0000] {dag.py:2690} INFO - Sync 1 DAGs
[2025-06-04T14:37:53.622+0000] {logging_mixin.py:137} INFO - [2025-06-04T14:37:53.622+0000] {dag.py:3441} INFO - Setting next_dagrun for tutorial_taskflow_api to None, run_after=None
[2025-06-04T14:37:53.647+0000] {processor.py:175} INFO - Processing /home/airflow/.local/lib/python3.7/site-packages/airflow/example_dags/tutorial_taskflow_api.py took 0.200 seconds
[2025-06-04T14:38:24.203+0000] {processor.py:153} INFO - Started process (PID=243) to work on /home/airflow/.local/lib/python3.7/site-packages/airflow/example_dags/tutorial_taskflow_api.py
[2025-06-04T14:38:24.205+0000] {processor.py:743} INFO - Processing file /home/airflow/.local/lib/python3.7/site-packages/airflow/example_dags/tutorial_taskflow_api.py for tasks to queue
[2025-06-04T14:38:24.206+0000] {logging_mixin.py:137} INFO - [2025-06-04T14:38:24.205+0000] {dagbag.py:538} INFO - Filling up the DagBag from /home/airflow/.local/lib/python3.7/site-packages/airflow/example_dags/tutorial_taskflow_api.py
[2025-06-04T14:38:24.237+0000] {processor.py:753} INFO - DAG(s) dict_keys(['tutorial_taskflow_api']) retrieved from /home/airflow/.local/lib/python3.7/site-packages/airflow/example_dags/tutorial_taskflow_api.py
[2025-06-04T14:38:24.285+0000] {logging_mixin.py:137} INFO - [2025-06-04T14:38:24.284+0000] {dag.py:2690} INFO - Sync 1 DAGs
[2025-06-04T14:38:24.327+0000] {logging_mixin.py:137} INFO - [2025-06-04T14:38:24.327+0000] {dag.py:3441} INFO - Setting next_dagrun for tutorial_taskflow_api to None, run_after=None
[2025-06-04T14:38:24.377+0000] {processor.py:175} INFO - Processing /home/airflow/.local/lib/python3.7/site-packages/airflow/example_dags/tutorial_taskflow_api.py took 0.177 seconds
